<html>
<head>
<title>TestNG:  Books Wagon Testing</title>
<link href="../testng.css" rel="stylesheet" type="text/css" />
<link href="../my-testng.css" rel="stylesheet" type="text/css" />

<style type="text/css">
.log { display: none;} 
.stack-trace { display: none;} 
</style>
<script type="text/javascript">
<!--
function flip(e) {
  current = e.style.display;
  if (current == 'block') {
    e.style.display = 'none';
    return 0;
  }
  else {
    e.style.display = 'block';
    return 1;
  }
}

function toggleBox(szDivId, elem, msg1, msg2)
{
  var res = -1;  if (document.getElementById) {
    res = flip(document.getElementById(szDivId));
  }
  else if (document.all) {
    // this is the way old msie versions work
    res = flip(document.all[szDivId]);
  }
  if(elem) {
    if(res == 0) elem.innerHTML = msg1; else elem.innerHTML = msg2;
  }

}

function toggleAllBoxes() {
  if (document.getElementsByTagName) {
    d = document.getElementsByTagName('div');
    for (i = 0; i < d.length; i++) {
      if (d[i].className == 'log') {
        flip(d[i]);
      }
    }
  }
}

// -->
</script>

</head>
<body>
<h2 align='center'>Books Wagon Testing</h2><table border='1' align="center">
<tr>
<td>Tests passed/Failed/Skipped:</td><td>13/3/6</td>
</tr><tr>
<td>Started on:</td><td>Thu Feb 29 13:28:55 IST 2024</td>
</tr>
<tr><td>Total time:</td><td>793 seconds (793950 ms)</td>
</tr><tr>
<td>Included groups:</td><td></td>
</tr><tr>
<td>Excluded groups:</td><td></td>
</tr>
</table><p/>
<small><i>(Hover the method name to see the test class name)</i></small><p/>
<table width='100%' border='1' class='invocation-failed'>
<tr><td colspan='4' align='center'><b>FAILED TESTS</b></td></tr>
<tr><td><b>Test method</b></td>
<td><b>Attribute(s)</b></td>
<td width="30%"><b>Exception</b></td>
<td width="10%"><b>Time (seconds)</b></td>
<td><b>Instance</b></td>
</tr>
<tr>
<td title='com.bookswagon.runner.TestRunner.runScenario()'><b>runScenario</b><br>Test class: com.bookswagon.runner.TestRunner<br>Test method: Runs Cucumber Scenarios<br>Parameters: "to test the Login page", "to test the Books Wagon for register page"</td>
<td><div><pre>org.openqa.selenium.ElementNotInteractableException: element not interactable
  (Session info: chrome=122.0.6261.95)
Build info: version: &apos;4.11.0&apos;, revision: &apos;040bc5406b&apos;
System info: os.name: &apos;Windows 11&apos;, os.arch: &apos;amd64&apos;, os.version: &apos;10.0&apos;, java.version: &apos;17.0.9&apos;
Driver info: org.openqa.selenium.chrome.ChromeDriver
Command: [0d0c43d070f66b065410417212b2920d, sendKeysToElement {id=f.85C3CC53CA8AAF3882BBDA098C7F673C.d.DCD400381AB6F0FEE985B4609178A086.e.413, value=[Ljava.lang.CharSequence;@5a5b394}]
Capabilities {acceptInsecureCerts: false, browserName: chrome, browserVersion: 122.0.6261.95, chrome: {chromedriverVersion: 122.0.6261.94 (880dbf29479c..., userDataDir: C:\Users\vetri\AppData\Loca...}, fedcm:accounts: true, goog:chromeOptions: {debuggerAddress: localhost:14241}, networkConnectionEnabled: false, pageLoadStrategy: normal, platformName: windows, proxy: Proxy(), se:cdp: ws://localhost:14241/devtoo..., se:cdpVersion: 122.0.6261.95, setWindowRect: true, strictFileInteractability: false, timeouts: {implicit: 0, pageLoad: 300000, script: 30000}, unhandledPromptBehavior: dismiss and notify, webauthn:extension:credBlob: true, webauthn:extension:largeBlob: true, webauthn:extension:minPinLength: true, webauthn:extension:prf: true, webauthn:virtualAuthenticators: true}
Element: [[ChromeDriver: chrome on windows (0d0c43d070f66b065410417212b2920d)] -&gt; xpath: //input[@id=&apos;ctl00_phBody_SignUp_txtPassword&apos;]]
Session ID: 0d0c43d070f66b065410417212b2920d
	at org.openqa.selenium.remote.codec.w3c.W3CHttpResponseCodec.createException(W3CHttpResponseCodec.java:200)
	at org.openqa.selenium.remote.codec.w3c.W3CHttpResponseCodec.decode(W3CHttpResponseCodec.java:133)
	at org.openqa.selenium.remote.codec.w3c.W3CHttpResponseCodec.decode(W3CHttpResponseCodec.java:52)
	at org.openqa.selenium.remote.HttpCommandExecutor.execute(HttpCommandExecutor.java:191)
	at org.openqa.selenium.remote.service.DriverCommandExecutor.invokeExecute(DriverCommandExecutor.java:196)
	at org.openqa.selenium.remote.service.DriverCommandExecutor.execute(DriverCommandExecutor.java:171)
	at org.openqa.selenium.remote.RemoteWebDriver.execute(RemoteWebDriver.java:518)
	at org.openqa.selenium.remote.RemoteWebElement.execute(RemoteWebElement.java:224)
	at org.openqa.selenium.remote.RemoteWebElement.sendKeys(RemoteWebElement.java:111)
	at org.openqa.selenium.support.pagefactory.internal.LocatingElementHandler.invoke(LocatingElementHandler.java:51)
	at jdk.proxy2/jdk.proxy2.$Proxy44.sendKeys(Unknown Source)
	at com.bookswagon.pages.RegisterPage.enterPassword(RegisterPage.java:70)
	at com.bookswagon.stepdefinitions.RegisterStepDefinition.user_enter_password_as(RegisterStepDefinition.java:69)
	at ✽.user enter password as &apos;Jaya@111&apos;(file:///C:/RLL/RLL-Group-5-BooksWagon/src/test/resources/Features/Registration.feature:11)
... Removed 8 stack frames</pre></div><a href='#' onClick='toggleBox("stack-trace1462613486", this, "Click to show all stack frames", "Click to hide stack frames")'>Click to show all stack frames</a>
<div class='stack-trace' id='stack-trace1462613486'><pre>org.openqa.selenium.ElementNotInteractableException: element not interactable
  (Session info: chrome=122.0.6261.95)
Build info: version: &apos;4.11.0&apos;, revision: &apos;040bc5406b&apos;
System info: os.name: &apos;Windows 11&apos;, os.arch: &apos;amd64&apos;, os.version: &apos;10.0&apos;, java.version: &apos;17.0.9&apos;
Driver info: org.openqa.selenium.chrome.ChromeDriver
Command: [0d0c43d070f66b065410417212b2920d, sendKeysToElement {id=f.85C3CC53CA8AAF3882BBDA098C7F673C.d.DCD400381AB6F0FEE985B4609178A086.e.413, value=[Ljava.lang.CharSequence;@5a5b394}]
Capabilities {acceptInsecureCerts: false, browserName: chrome, browserVersion: 122.0.6261.95, chrome: {chromedriverVersion: 122.0.6261.94 (880dbf29479c..., userDataDir: C:\Users\vetri\AppData\Loca...}, fedcm:accounts: true, goog:chromeOptions: {debuggerAddress: localhost:14241}, networkConnectionEnabled: false, pageLoadStrategy: normal, platformName: windows, proxy: Proxy(), se:cdp: ws://localhost:14241/devtoo..., se:cdpVersion: 122.0.6261.95, setWindowRect: true, strictFileInteractability: false, timeouts: {implicit: 0, pageLoad: 300000, script: 30000}, unhandledPromptBehavior: dismiss and notify, webauthn:extension:credBlob: true, webauthn:extension:largeBlob: true, webauthn:extension:minPinLength: true, webauthn:extension:prf: true, webauthn:virtualAuthenticators: true}
Element: [[ChromeDriver: chrome on windows (0d0c43d070f66b065410417212b2920d)] -&gt; xpath: //input[@id=&apos;ctl00_phBody_SignUp_txtPassword&apos;]]
Session ID: 0d0c43d070f66b065410417212b2920d
	at java.base/jdk.internal.reflect.NativeConstructorAccessorImpl.newInstance0(Native Method)
	at java.base/jdk.internal.reflect.NativeConstructorAccessorImpl.newInstance(NativeConstructorAccessorImpl.java:77)
	at java.base/jdk.internal.reflect.DelegatingConstructorAccessorImpl.newInstance(DelegatingConstructorAccessorImpl.java:45)
	at java.base/java.lang.reflect.Constructor.newInstanceWithCaller(Constructor.java:499)
	at java.base/java.lang.reflect.Constructor.newInstance(Constructor.java:480)
	at org.openqa.selenium.remote.codec.w3c.W3CHttpResponseCodec.createException(W3CHttpResponseCodec.java:200)
	at org.openqa.selenium.remote.codec.w3c.W3CHttpResponseCodec.decode(W3CHttpResponseCodec.java:133)
	at org.openqa.selenium.remote.codec.w3c.W3CHttpResponseCodec.decode(W3CHttpResponseCodec.java:52)
	at org.openqa.selenium.remote.HttpCommandExecutor.execute(HttpCommandExecutor.java:191)
	at org.openqa.selenium.remote.service.DriverCommandExecutor.invokeExecute(DriverCommandExecutor.java:196)
	at org.openqa.selenium.remote.service.DriverCommandExecutor.execute(DriverCommandExecutor.java:171)
	at org.openqa.selenium.remote.RemoteWebDriver.execute(RemoteWebDriver.java:518)
	at org.openqa.selenium.remote.RemoteWebElement.execute(RemoteWebElement.java:224)
	at org.openqa.selenium.remote.RemoteWebElement.sendKeys(RemoteWebElement.java:111)
	at jdk.internal.reflect.GeneratedMethodAccessor74.invoke(Unknown Source)
	at java.base/jdk.internal.reflect.DelegatingMethodAccessorImpl.invoke(DelegatingMethodAccessorImpl.java:43)
	at java.base/java.lang.reflect.Method.invoke(Method.java:568)
	at org.openqa.selenium.support.pagefactory.internal.LocatingElementHandler.invoke(LocatingElementHandler.java:51)
	at jdk.proxy2/jdk.proxy2.$Proxy44.sendKeys(Unknown Source)
	at com.bookswagon.pages.RegisterPage.enterPassword(RegisterPage.java:70)
	at com.bookswagon.stepdefinitions.RegisterStepDefinition.user_enter_password_as(RegisterStepDefinition.java:69)
	at ✽.user enter password as &apos;Jaya@111&apos;(file:///C:/RLL/RLL-Group-5-BooksWagon/src/test/resources/Features/Registration.feature:11)
</pre></div></td>
<td>81</td>
<td>com.bookswagon.runner.TestRunner@7fd50002</td></tr>
<tr>
<td title='com.bookswagon.runner.TestRunner.runScenario()'><b>runScenario</b><br>Test class: com.bookswagon.runner.TestRunner<br>Test method: Runs Cucumber Scenarios<br>Parameters: "Login with invalid credentials", "To test the functionality of Books Wagon page for login page"</td>
<td><div><pre>org.openqa.selenium.WebDriverException: no such execution context
  (Session info: chrome=122.0.6261.95)
Build info: version: &apos;4.11.0&apos;, revision: &apos;040bc5406b&apos;
System info: os.name: &apos;Windows 11&apos;, os.arch: &apos;amd64&apos;, os.version: &apos;10.0&apos;, java.version: &apos;17.0.9&apos;
Driver info: org.openqa.selenium.chrome.ChromeDriver
Command: [f8b94ddae8fb5a360755c998a3024afe, clickElement {id=f.3AC9F1BC18C51E1C1D2FE6EE4B7B5FFA.d.1EC364058A64C6ADDC348162263ACFF1.e.241}]
Capabilities {acceptInsecureCerts: false, browserName: chrome, browserVersion: 122.0.6261.95, chrome: {chromedriverVersion: 122.0.6261.94 (880dbf29479c..., userDataDir: C:\Users\vetri\AppData\Loca...}, fedcm:accounts: true, goog:chromeOptions: {debuggerAddress: localhost:13682}, networkConnectionEnabled: false, pageLoadStrategy: normal, platformName: windows, proxy: Proxy(), se:cdp: ws://localhost:13682/devtoo..., se:cdpVersion: 122.0.6261.95, setWindowRect: true, strictFileInteractability: false, timeouts: {implicit: 0, pageLoad: 300000, script: 30000}, unhandledPromptBehavior: dismiss and notify, webauthn:extension:credBlob: true, webauthn:extension:largeBlob: true, webauthn:extension:minPinLength: true, webauthn:extension:prf: true, webauthn:virtualAuthenticators: true}
Element: [[ChromeDriver: chrome on windows (f8b94ddae8fb5a360755c998a3024afe)] -&gt; xpath: //a[@id=&apos;ctl00_phBody_SignIn_btnLogin&apos;]]
Session ID: f8b94ddae8fb5a360755c998a3024afe
	at org.openqa.selenium.remote.codec.w3c.W3CHttpResponseCodec.createException(W3CHttpResponseCodec.java:200)
	at org.openqa.selenium.remote.codec.w3c.W3CHttpResponseCodec.decode(W3CHttpResponseCodec.java:133)
	at org.openqa.selenium.remote.codec.w3c.W3CHttpResponseCodec.decode(W3CHttpResponseCodec.java:52)
	at org.openqa.selenium.remote.HttpCommandExecutor.execute(HttpCommandExecutor.java:191)
	at org.openqa.selenium.remote.service.DriverCommandExecutor.invokeExecute(DriverCommandExecutor.java:196)
	at org.openqa.selenium.remote.service.DriverCommandExecutor.execute(DriverCommandExecutor.java:171)
	at org.openqa.selenium.remote.RemoteWebDriver.execute(RemoteWebDriver.java:518)
	at org.openqa.selenium.remote.RemoteWebElement.execute(RemoteWebElement.java:224)
	at org.openqa.selenium.remote.RemoteWebElement.click(RemoteWebElement.java:77)
	at org.openqa.selenium.support.pagefactory.internal.LocatingElementHandler.invoke(LocatingElementHandler.java:51)
	at jdk.proxy2/jdk.proxy2.$Proxy44.click(Unknown Source)
	at com.bookswagon.pages.LoginPage.ClickOnLoginButton(LoginPage.java:56)
	at com.bookswagon.stepdefinitions.LoginStepDefinitions.the_user_press_on_the_login_button(LoginStepDefinitions.java:119)
	at ✽.the User press on the login button(file:///C:/RLL/RLL-Group-5-BooksWagon/src/test/resources/Features/Login.feature:16)
... Removed 8 stack frames</pre></div><a href='#' onClick='toggleBox("stack-trace2072865894", this, "Click to show all stack frames", "Click to hide stack frames")'>Click to show all stack frames</a>
<div class='stack-trace' id='stack-trace2072865894'><pre>org.openqa.selenium.WebDriverException: no such execution context
  (Session info: chrome=122.0.6261.95)
Build info: version: &apos;4.11.0&apos;, revision: &apos;040bc5406b&apos;
System info: os.name: &apos;Windows 11&apos;, os.arch: &apos;amd64&apos;, os.version: &apos;10.0&apos;, java.version: &apos;17.0.9&apos;
Driver info: org.openqa.selenium.chrome.ChromeDriver
Command: [f8b94ddae8fb5a360755c998a3024afe, clickElement {id=f.3AC9F1BC18C51E1C1D2FE6EE4B7B5FFA.d.1EC364058A64C6ADDC348162263ACFF1.e.241}]
Capabilities {acceptInsecureCerts: false, browserName: chrome, browserVersion: 122.0.6261.95, chrome: {chromedriverVersion: 122.0.6261.94 (880dbf29479c..., userDataDir: C:\Users\vetri\AppData\Loca...}, fedcm:accounts: true, goog:chromeOptions: {debuggerAddress: localhost:13682}, networkConnectionEnabled: false, pageLoadStrategy: normal, platformName: windows, proxy: Proxy(), se:cdp: ws://localhost:13682/devtoo..., se:cdpVersion: 122.0.6261.95, setWindowRect: true, strictFileInteractability: false, timeouts: {implicit: 0, pageLoad: 300000, script: 30000}, unhandledPromptBehavior: dismiss and notify, webauthn:extension:credBlob: true, webauthn:extension:largeBlob: true, webauthn:extension:minPinLength: true, webauthn:extension:prf: true, webauthn:virtualAuthenticators: true}
Element: [[ChromeDriver: chrome on windows (f8b94ddae8fb5a360755c998a3024afe)] -&gt; xpath: //a[@id=&apos;ctl00_phBody_SignIn_btnLogin&apos;]]
Session ID: f8b94ddae8fb5a360755c998a3024afe
	at java.base/jdk.internal.reflect.NativeConstructorAccessorImpl.newInstance0(Native Method)
	at java.base/jdk.internal.reflect.NativeConstructorAccessorImpl.newInstance(NativeConstructorAccessorImpl.java:77)
	at java.base/jdk.internal.reflect.DelegatingConstructorAccessorImpl.newInstance(DelegatingConstructorAccessorImpl.java:45)
	at java.base/java.lang.reflect.Constructor.newInstanceWithCaller(Constructor.java:499)
	at java.base/java.lang.reflect.Constructor.newInstance(Constructor.java:480)
	at org.openqa.selenium.remote.codec.w3c.W3CHttpResponseCodec.createException(W3CHttpResponseCodec.java:200)
	at org.openqa.selenium.remote.codec.w3c.W3CHttpResponseCodec.decode(W3CHttpResponseCodec.java:133)
	at org.openqa.selenium.remote.codec.w3c.W3CHttpResponseCodec.decode(W3CHttpResponseCodec.java:52)
	at org.openqa.selenium.remote.HttpCommandExecutor.execute(HttpCommandExecutor.java:191)
	at org.openqa.selenium.remote.service.DriverCommandExecutor.invokeExecute(DriverCommandExecutor.java:196)
	at org.openqa.selenium.remote.service.DriverCommandExecutor.execute(DriverCommandExecutor.java:171)
	at org.openqa.selenium.remote.RemoteWebDriver.execute(RemoteWebDriver.java:518)
	at org.openqa.selenium.remote.RemoteWebElement.execute(RemoteWebElement.java:224)
	at org.openqa.selenium.remote.RemoteWebElement.click(RemoteWebElement.java:77)
	at jdk.internal.reflect.GeneratedMethodAccessor70.invoke(Unknown Source)
	at java.base/jdk.internal.reflect.DelegatingMethodAccessorImpl.invoke(DelegatingMethodAccessorImpl.java:43)
	at java.base/java.lang.reflect.Method.invoke(Method.java:568)
	at org.openqa.selenium.support.pagefactory.internal.LocatingElementHandler.invoke(LocatingElementHandler.java:51)
	at jdk.proxy2/jdk.proxy2.$Proxy44.click(Unknown Source)
	at com.bookswagon.pages.LoginPage.ClickOnLoginButton(LoginPage.java:56)
	at com.bookswagon.stepdefinitions.LoginStepDefinitions.the_user_press_on_the_login_button(LoginStepDefinitions.java:119)
	at ✽.the User press on the login button(file:///C:/RLL/RLL-Group-5-BooksWagon/src/test/resources/Features/Login.feature:16)
</pre></div></td>
<td>31</td>
<td>com.bookswagon.runner.TestRunner@7fd50002</td></tr>
<tr>
<td title='com.bookswagon.runner.TestRunner.runScenario()'><b>runScenario</b><br>Test class: com.bookswagon.runner.TestRunner<br>Test method: Runs Cucumber Scenarios<br>Parameters: "User can not be able update the personal settings without filling mandatory deatils", "Bookswagon Personal Settings"</td>
<td><div><pre>java.lang.AssertionError: expected [true] but found [false]
	at com.bookswagon.stepdefinitions.PersonalSettingStepdefinition.user_can_not_update_the_details(PersonalSettingStepdefinition.java:111)
	at ✽.User can not update the details(file:///C:/RLL/RLL-Group-5-BooksWagon/src/test/resources/Features/PersonalSettings.feature:24)
... Removed 4 stack frames</pre></div><a href='#' onClick='toggleBox("stack-trace450706947", this, "Click to show all stack frames", "Click to hide stack frames")'>Click to show all stack frames</a>
<div class='stack-trace' id='stack-trace450706947'><pre>java.lang.AssertionError: expected [true] but found [false]
	at org.testng.Assert.fail(Assert.java:110)
	at org.testng.Assert.failNotEquals(Assert.java:1577)
	at org.testng.Assert.assertTrue(Assert.java:56)
	at org.testng.Assert.assertTrue(Assert.java:66)
	at com.bookswagon.stepdefinitions.PersonalSettingStepdefinition.user_can_not_update_the_details(PersonalSettingStepdefinition.java:111)
	at ✽.User can not update the details(file:///C:/RLL/RLL-Group-5-BooksWagon/src/test/resources/Features/PersonalSettings.feature:24)
</pre></div></td>
<td>55</td>
<td>com.bookswagon.runner.TestRunner@7fd50002</td></tr>
</table><p>
<table width='100%' border='1' class='invocation-passed'>
<tr><td colspan='4' align='center'><b>PASSED TESTS</b></td></tr>
<tr><td><b>Test method</b></td>
<td><b>Attribute(s)</b></td>
<td width="30%"><b>Exception</b></td>
<td width="10%"><b>Time (seconds)</b></td>
<td><b>Instance</b></td>
</tr>
<tr>
<td title='com.bookswagon.runner.TestRunner.runScenario()'><b>runScenario</b><br>Test class: com.bookswagon.runner.TestRunner<br>Test method: Runs Cucumber Scenarios<br>Parameters: "Navigate to the Award winners page and sorting operation", "Award winners/sort By"</td>
<td></td>
<td>15</td>
<td>com.bookswagon.runner.TestRunner@7fd50002</td></tr>
<tr>
<td title='com.bookswagon.runner.TestRunner.runScenario()'><b>runScenario</b><br>Test class: com.bookswagon.runner.TestRunner<br>Test method: Runs Cucumber Scenarios<br>Parameters: "Login with valid credentials", "To test the functionality of Books Wagon page for login page"</td>
<td></td>
<td>22</td>
<td>com.bookswagon.runner.TestRunner@7fd50002</td></tr>
<tr>
<td title='com.bookswagon.runner.TestRunner.runScenario()'><b>runScenario</b><br>Test class: com.bookswagon.runner.TestRunner<br>Test method: Runs Cucumber Scenarios<br>Parameters: "User can add/edit and remove the Address", "Bookswagon Personal Settings"</td>
<td></td>
<td>27</td>
<td>com.bookswagon.runner.TestRunner@7fd50002</td></tr>
<tr>
<td title='com.bookswagon.runner.TestRunner.runScenario()'><b>runScenario</b><br>Test class: com.bookswagon.runner.TestRunner<br>Test method: Runs Cucumber Scenarios<br>Parameters: "Sorting Award winners page and adding the product to cart", "Award winners/sort By"</td>
<td></td>
<td>25</td>
<td>com.bookswagon.runner.TestRunner@7fd50002</td></tr>
<tr>
<td title='com.bookswagon.runner.TestRunner.runScenario()'><b>runScenario</b><br>Test class: com.bookswagon.runner.TestRunner<br>Test method: Runs Cucumber Scenarios<br>Parameters: "Shopping cart functionality", "To test the bookswagon page for shopping cart"</td>
<td></td>
<td>23</td>
<td>com.bookswagon.runner.TestRunner@7fd50002</td></tr>
<tr>
<td title='com.bookswagon.runner.TestRunner.runScenario()'><b>runScenario</b><br>Test class: com.bookswagon.runner.TestRunner<br>Test method: Runs Cucumber Scenarios<br>Parameters: "Requesting a book with invalid ISBN13 number", "Test the functionality of requesting book"</td>
<td></td>
<td>21</td>
<td>com.bookswagon.runner.TestRunner@7fd50002</td></tr>
<tr>
<td title='com.bookswagon.runner.TestRunner.runScenario()'><b>runScenario</b><br>Test class: com.bookswagon.runner.TestRunner<br>Test method: Runs Cucumber Scenarios<br>Parameters: "to test the My Wishlist page", "to test the Books Wagon page on chrome browser"</td>
<td></td>
<td>35</td>
<td>com.bookswagon.runner.TestRunner@7fd50002</td></tr>
<tr>
<td title='com.bookswagon.runner.TestRunner.runScenario()'><b>runScenario</b><br>Test class: com.bookswagon.runner.TestRunner<br>Test method: Runs Cucumber Scenarios<br>Parameters: "Requesting a book which is unavailable one", "Test the functionality of requesting book"</td>
<td></td>
<td>21</td>
<td>com.bookswagon.runner.TestRunner@7fd50002</td></tr>
<tr>
<td title='com.bookswagon.runner.TestRunner.runScenario()'><b>runScenario</b><br>Test class: com.bookswagon.runner.TestRunner<br>Test method: Runs Cucumber Scenarios<br>Parameters: "Seaching the book on the bookSite", "Search the book on the search bar"</td>
<td></td>
<td>19</td>
<td>com.bookswagon.runner.TestRunner@7fd50002</td></tr>
<tr>
<td title='com.bookswagon.runner.TestRunner.runScenario()'><b>runScenario</b><br>Test class: com.bookswagon.runner.TestRunner<br>Test method: Runs Cucumber Scenarios<br>Parameters: "User can be able to update the personal settings", "Bookswagon Personal Settings"</td>
<td></td>
<td>55</td>
<td>com.bookswagon.runner.TestRunner@7fd50002</td></tr>
<tr>
<td title='com.bookswagon.runner.TestRunner.runScenario()'><b>runScenario</b><br>Test class: com.bookswagon.runner.TestRunner<br>Test method: Runs Cucumber Scenarios<br>Parameters: "Requesting a book with invalid ISBN13 number", "Test the functionality of requesting book"</td>
<td></td>
<td>19</td>
<td>com.bookswagon.runner.TestRunner@7fd50002</td></tr>
<tr>
<td title='com.bookswagon.runner.TestRunner.runScenario()'><b>runScenario</b><br>Test class: com.bookswagon.runner.TestRunner<br>Test method: Runs Cucumber Scenarios<br>Parameters: "Requesting a book with invalid ISBN13 number", "Test the functionality of requesting book"</td>
<td></td>
<td>20</td>
<td>com.bookswagon.runner.TestRunner@7fd50002</td></tr>
<tr>
<td title='com.bookswagon.runner.TestRunner.runScenario()'><b>runScenario</b><br>Test class: com.bookswagon.runner.TestRunner<br>Test method: Runs Cucumber Scenarios<br>Parameters: "Seaching the book on the bookSite", "Search the book on the search bar"</td>
<td></td>
<td>15</td>
<td>com.bookswagon.runner.TestRunner@7fd50002</td></tr>
</table><p>
<table width='100%' border='1' class='invocation-skipped'>
<tr><td colspan='4' align='center'><b>SKIPPED TESTS</b></td></tr>
<tr><td><b>Test method</b></td>
<td><b>Attribute(s)</b></td>
<td width="30%"><b>Exception</b></td>
<td width="10%"><b>Time (seconds)</b></td>
<td><b>Instance</b></td>
</tr>
<tr>
<td title='com.bookswagon.runner.TestRunner.runScenario()'><b>runScenario</b><br>Test class: com.bookswagon.runner.TestRunner<br>Test method: Runs Cucumber Scenarios<br>Parameters: "Login with invalid credentials", "To test the functionality of Books Wagon page for login page"</td>
<td><div><pre>java.lang.AssertionError: expected [Please enter correct password.] but found [Please enter correct Passwor]
	at com.bookswagon.pages.LoginPage.getWrongPasswordErrorMessage(LoginPage.java:64)
	at com.bookswagon.stepdefinitions.LoginStepDefinitions.the_user_should_see_an_error_message_for_wrong_password_wrong_username(LoginStepDefinitions.java:137)
	at ✽.the user should see an error message for wrong password/wrong username(file:///C:/RLL/RLL-Group-5-BooksWagon/src/test/resources/Features/Login.feature:17)
... Removed 6 stack frames</pre></div><a href='#' onClick='toggleBox("stack-trace391903689", this, "Click to show all stack frames", "Click to hide stack frames")'>Click to show all stack frames</a>
<div class='stack-trace' id='stack-trace391903689'><pre>java.lang.AssertionError: expected [Please enter correct password.] but found [Please enter correct Passwor]
	at org.testng.Assert.fail(Assert.java:110)
	at org.testng.Assert.failNotEquals(Assert.java:1577)
	at org.testng.Assert.assertEqualsImpl(Assert.java:149)
	at org.testng.Assert.assertEquals(Assert.java:131)
	at org.testng.Assert.assertEquals(Assert.java:655)
	at org.testng.Assert.assertEquals(Assert.java:665)
	at com.bookswagon.pages.LoginPage.getWrongPasswordErrorMessage(LoginPage.java:64)
	at com.bookswagon.stepdefinitions.LoginStepDefinitions.the_user_should_see_an_error_message_for_wrong_password_wrong_username(LoginStepDefinitions.java:137)
	at ✽.the user should see an error message for wrong password/wrong username(file:///C:/RLL/RLL-Group-5-BooksWagon/src/test/resources/Features/Login.feature:17)
</pre></div></td>
<td>20</td>
<td>com.bookswagon.runner.TestRunner@7fd50002</td></tr>
<tr>
<td title='com.bookswagon.runner.TestRunner.runScenario()'><b>runScenario</b><br>Test class: com.bookswagon.runner.TestRunner<br>Test method: Runs Cucumber Scenarios<br>Parameters: "to test the Login page", "to test the Books Wagon for register page"</td>
<td><div><pre>org.openqa.selenium.ElementNotInteractableException: element not interactable
  (Session info: chrome=122.0.6261.95)
Build info: version: &apos;4.11.0&apos;, revision: &apos;040bc5406b&apos;
System info: os.name: &apos;Windows 11&apos;, os.arch: &apos;amd64&apos;, os.version: &apos;10.0&apos;, java.version: &apos;17.0.9&apos;
Driver info: org.openqa.selenium.chrome.ChromeDriver
Command: [a0812c547b3527bbfe9daef1f940405e, sendKeysToElement {id=f.4EBA1D3873A368766F7846028B2A79F6.d.A48211CED190A87D4ABD056D39B4B473.e.434, value=[Ljava.lang.CharSequence;@608c2042}]
Capabilities {acceptInsecureCerts: false, browserName: chrome, browserVersion: 122.0.6261.95, chrome: {chromedriverVersion: 122.0.6261.94 (880dbf29479c..., userDataDir: C:\Users\vetri\AppData\Loca...}, fedcm:accounts: true, goog:chromeOptions: {debuggerAddress: localhost:14054}, networkConnectionEnabled: false, pageLoadStrategy: normal, platformName: windows, proxy: Proxy(), se:cdp: ws://localhost:14054/devtoo..., se:cdpVersion: 122.0.6261.95, setWindowRect: true, strictFileInteractability: false, timeouts: {implicit: 0, pageLoad: 300000, script: 30000}, unhandledPromptBehavior: dismiss and notify, webauthn:extension:credBlob: true, webauthn:extension:largeBlob: true, webauthn:extension:minPinLength: true, webauthn:extension:prf: true, webauthn:virtualAuthenticators: true}
Element: [[ChromeDriver: chrome on windows (a0812c547b3527bbfe9daef1f940405e)] -&gt; xpath: //input[@id=&apos;ctl00_phBody_SignUp_txtPassword&apos;]]
Session ID: a0812c547b3527bbfe9daef1f940405e
	at org.openqa.selenium.remote.codec.w3c.W3CHttpResponseCodec.createException(W3CHttpResponseCodec.java:200)
	at org.openqa.selenium.remote.codec.w3c.W3CHttpResponseCodec.decode(W3CHttpResponseCodec.java:133)
	at org.openqa.selenium.remote.codec.w3c.W3CHttpResponseCodec.decode(W3CHttpResponseCodec.java:52)
	at org.openqa.selenium.remote.HttpCommandExecutor.execute(HttpCommandExecutor.java:191)
	at org.openqa.selenium.remote.service.DriverCommandExecutor.invokeExecute(DriverCommandExecutor.java:196)
	at org.openqa.selenium.remote.service.DriverCommandExecutor.execute(DriverCommandExecutor.java:171)
	at org.openqa.selenium.remote.RemoteWebDriver.execute(RemoteWebDriver.java:518)
	at org.openqa.selenium.remote.RemoteWebElement.execute(RemoteWebElement.java:224)
	at org.openqa.selenium.remote.RemoteWebElement.sendKeys(RemoteWebElement.java:111)
	at org.openqa.selenium.support.pagefactory.internal.LocatingElementHandler.invoke(LocatingElementHandler.java:51)
	at jdk.proxy2/jdk.proxy2.$Proxy44.sendKeys(Unknown Source)
	at com.bookswagon.pages.RegisterPage.enterPassword(RegisterPage.java:70)
	at com.bookswagon.stepdefinitions.RegisterStepDefinition.user_enter_password_as(RegisterStepDefinition.java:69)
	at ✽.user enter password as &apos;Jaya@111&apos;(file:///C:/RLL/RLL-Group-5-BooksWagon/src/test/resources/Features/Registration.feature:11)
... Removed 8 stack frames</pre></div><a href='#' onClick='toggleBox("stack-trace1075420510", this, "Click to show all stack frames", "Click to hide stack frames")'>Click to show all stack frames</a>
<div class='stack-trace' id='stack-trace1075420510'><pre>org.openqa.selenium.ElementNotInteractableException: element not interactable
  (Session info: chrome=122.0.6261.95)
Build info: version: &apos;4.11.0&apos;, revision: &apos;040bc5406b&apos;
System info: os.name: &apos;Windows 11&apos;, os.arch: &apos;amd64&apos;, os.version: &apos;10.0&apos;, java.version: &apos;17.0.9&apos;
Driver info: org.openqa.selenium.chrome.ChromeDriver
Command: [a0812c547b3527bbfe9daef1f940405e, sendKeysToElement {id=f.4EBA1D3873A368766F7846028B2A79F6.d.A48211CED190A87D4ABD056D39B4B473.e.434, value=[Ljava.lang.CharSequence;@608c2042}]
Capabilities {acceptInsecureCerts: false, browserName: chrome, browserVersion: 122.0.6261.95, chrome: {chromedriverVersion: 122.0.6261.94 (880dbf29479c..., userDataDir: C:\Users\vetri\AppData\Loca...}, fedcm:accounts: true, goog:chromeOptions: {debuggerAddress: localhost:14054}, networkConnectionEnabled: false, pageLoadStrategy: normal, platformName: windows, proxy: Proxy(), se:cdp: ws://localhost:14054/devtoo..., se:cdpVersion: 122.0.6261.95, setWindowRect: true, strictFileInteractability: false, timeouts: {implicit: 0, pageLoad: 300000, script: 30000}, unhandledPromptBehavior: dismiss and notify, webauthn:extension:credBlob: true, webauthn:extension:largeBlob: true, webauthn:extension:minPinLength: true, webauthn:extension:prf: true, webauthn:virtualAuthenticators: true}
Element: [[ChromeDriver: chrome on windows (a0812c547b3527bbfe9daef1f940405e)] -&gt; xpath: //input[@id=&apos;ctl00_phBody_SignUp_txtPassword&apos;]]
Session ID: a0812c547b3527bbfe9daef1f940405e
	at java.base/jdk.internal.reflect.NativeConstructorAccessorImpl.newInstance0(Native Method)
	at java.base/jdk.internal.reflect.NativeConstructorAccessorImpl.newInstance(NativeConstructorAccessorImpl.java:77)
	at java.base/jdk.internal.reflect.DelegatingConstructorAccessorImpl.newInstance(DelegatingConstructorAccessorImpl.java:45)
	at java.base/java.lang.reflect.Constructor.newInstanceWithCaller(Constructor.java:499)
	at java.base/java.lang.reflect.Constructor.newInstance(Constructor.java:480)
	at org.openqa.selenium.remote.codec.w3c.W3CHttpResponseCodec.createException(W3CHttpResponseCodec.java:200)
	at org.openqa.selenium.remote.codec.w3c.W3CHttpResponseCodec.decode(W3CHttpResponseCodec.java:133)
	at org.openqa.selenium.remote.codec.w3c.W3CHttpResponseCodec.decode(W3CHttpResponseCodec.java:52)
	at org.openqa.selenium.remote.HttpCommandExecutor.execute(HttpCommandExecutor.java:191)
	at org.openqa.selenium.remote.service.DriverCommandExecutor.invokeExecute(DriverCommandExecutor.java:196)
	at org.openqa.selenium.remote.service.DriverCommandExecutor.execute(DriverCommandExecutor.java:171)
	at org.openqa.selenium.remote.RemoteWebDriver.execute(RemoteWebDriver.java:518)
	at org.openqa.selenium.remote.RemoteWebElement.execute(RemoteWebElement.java:224)
	at org.openqa.selenium.remote.RemoteWebElement.sendKeys(RemoteWebElement.java:111)
	at jdk.internal.reflect.GeneratedMethodAccessor74.invoke(Unknown Source)
	at java.base/jdk.internal.reflect.DelegatingMethodAccessorImpl.invoke(DelegatingMethodAccessorImpl.java:43)
	at java.base/java.lang.reflect.Method.invoke(Method.java:568)
	at org.openqa.selenium.support.pagefactory.internal.LocatingElementHandler.invoke(LocatingElementHandler.java:51)
	at jdk.proxy2/jdk.proxy2.$Proxy44.sendKeys(Unknown Source)
	at com.bookswagon.pages.RegisterPage.enterPassword(RegisterPage.java:70)
	at com.bookswagon.stepdefinitions.RegisterStepDefinition.user_enter_password_as(RegisterStepDefinition.java:69)
	at ✽.user enter password as &apos;Jaya@111&apos;(file:///C:/RLL/RLL-Group-5-BooksWagon/src/test/resources/Features/Registration.feature:11)
</pre></div></td>
<td>81</td>
<td>com.bookswagon.runner.TestRunner@7fd50002</td></tr>
<tr>
<td title='com.bookswagon.runner.TestRunner.runScenario()'><b>runScenario</b><br>Test class: com.bookswagon.runner.TestRunner<br>Test method: Runs Cucumber Scenarios<br>Parameters: "to test the Login page", "to test the Books Wagon for register page"</td>
<td><div><pre>org.openqa.selenium.ElementClickInterceptedException: element click intercepted: Element &lt;input type=&quot;submit&quot; name=&quot;ctl00$phBody$SignUp$btnContinue&quot; value=&quot;Continue&quot; onclick=&quot;javascript:WebForm_DoPostBackWithOptions(new WebForm_PostBackOptions(&amp;quot;ctl00$phBody$SignUp$btnContinue&amp;quot;, &amp;quot;&amp;quot;, true, &amp;quot;vgSignUp&amp;quot;, &amp;quot;&amp;quot;, false, false))&quot; id=&quot;ctl00_phBody_SignUp_btnContinue&quot; class=&quot;btn btn-block border themeborder themecolor mb-2 signupcontinue mt-3&quot;&gt; is not clickable at point (763, 600). Other element would receive the click: &lt;iframe title=&quot;recaptcha challenge expires in two minutes&quot; name=&quot;c-rk0byh3nw4pr&quot; frameborder=&quot;0&quot; scrolling=&quot;no&quot; sandbox=&quot;allow-forms allow-popups allow-same-origin allow-scripts allow-top-navigation allow-modals allow-popups-to-escape-sandbox allow-storage-access-by-user-activation&quot; src=&quot;https://www.google.com/recaptcha/api2/bframe?hl=en&amp;amp;v=vj7hFxe2iNgbe-u95xTozOXW&amp;amp;k=6LcWegclAAAAANuIZ3_JgCoh-naBjY69vaCvY2Xj&quot; style=&quot;width: 400px; height: 580px;&quot;&gt;&lt;/iframe&gt;
  (Session info: chrome=122.0.6261.95)
Build info: version: &apos;4.11.0&apos;, revision: &apos;040bc5406b&apos;
System info: os.name: &apos;Windows 11&apos;, os.arch: &apos;amd64&apos;, os.version: &apos;10.0&apos;, java.version: &apos;17.0.9&apos;
Driver info: org.openqa.selenium.chrome.ChromeDriver
Command: [7071aa0451a7e08e7aecefcdf631ecb6, clickElement {id=f.8905F2AEE986EF460AB7172F563AE273.d.91DF805AE3D6E70C4E1BE11F7A2DBD75.e.228}]
Capabilities {acceptInsecureCerts: false, browserName: chrome, browserVersion: 122.0.6261.95, chrome: {chromedriverVersion: 122.0.6261.94 (880dbf29479c..., userDataDir: C:\Users\vetri\AppData\Loca...}, fedcm:accounts: true, goog:chromeOptions: {debuggerAddress: localhost:14157}, networkConnectionEnabled: false, pageLoadStrategy: normal, platformName: windows, proxy: Proxy(), se:cdp: ws://localhost:14157/devtoo..., se:cdpVersion: 122.0.6261.95, setWindowRect: true, strictFileInteractability: false, timeouts: {implicit: 0, pageLoad: 300000, script: 30000}, unhandledPromptBehavior: dismiss and notify, webauthn:extension:credBlob: true, webauthn:extension:largeBlob: true, webauthn:extension:minPinLength: true, webauthn:extension:prf: true, webauthn:virtualAuthenticators: true}
Element: [[ChromeDriver: chrome on windows (7071aa0451a7e08e7aecefcdf631ecb6)] -&gt; xpath: //input[@id=&apos;ctl00_phBody_SignUp_btnContinue&apos;]]
Session ID: 7071aa0451a7e08e7aecefcdf631ecb6
	at org.openqa.selenium.remote.codec.w3c.W3CHttpResponseCodec.createException(W3CHttpResponseCodec.java:200)
	at org.openqa.selenium.remote.codec.w3c.W3CHttpResponseCodec.decode(W3CHttpResponseCodec.java:133)
	at org.openqa.selenium.remote.codec.w3c.W3CHttpResponseCodec.decode(W3CHttpResponseCodec.java:52)
	at org.openqa.selenium.remote.HttpCommandExecutor.execute(HttpCommandExecutor.java:191)
	at org.openqa.selenium.remote.service.DriverCommandExecutor.invokeExecute(DriverCommandExecutor.java:196)
	at org.openqa.selenium.remote.service.DriverCommandExecutor.execute(DriverCommandExecutor.java:171)
	at org.openqa.selenium.remote.RemoteWebDriver.execute(RemoteWebDriver.java:518)
	at org.openqa.selenium.remote.RemoteWebElement.execute(RemoteWebElement.java:224)
	at org.openqa.selenium.remote.RemoteWebElement.click(RemoteWebElement.java:77)
	at org.openqa.selenium.support.pagefactory.internal.LocatingElementHandler.invoke(LocatingElementHandler.java:51)
	at jdk.proxy2/jdk.proxy2.$Proxy44.click(Unknown Source)
	at com.bookswagon.pages.RegisterPage.clickContinueButton(RegisterPage.java:65)
	at com.bookswagon.stepdefinitions.RegisterStepDefinition.user_clicks_on_continue_button(RegisterStepDefinition.java:63)
	at ✽.user clicks on continue button(file:///C:/RLL/RLL-Group-5-BooksWagon/src/test/resources/Features/Registration.feature:10)
... Removed 8 stack frames</pre></div><a href='#' onClick='toggleBox("stack-trace1402712627", this, "Click to show all stack frames", "Click to hide stack frames")'>Click to show all stack frames</a>
<div class='stack-trace' id='stack-trace1402712627'><pre>org.openqa.selenium.ElementClickInterceptedException: element click intercepted: Element &lt;input type=&quot;submit&quot; name=&quot;ctl00$phBody$SignUp$btnContinue&quot; value=&quot;Continue&quot; onclick=&quot;javascript:WebForm_DoPostBackWithOptions(new WebForm_PostBackOptions(&amp;quot;ctl00$phBody$SignUp$btnContinue&amp;quot;, &amp;quot;&amp;quot;, true, &amp;quot;vgSignUp&amp;quot;, &amp;quot;&amp;quot;, false, false))&quot; id=&quot;ctl00_phBody_SignUp_btnContinue&quot; class=&quot;btn btn-block border themeborder themecolor mb-2 signupcontinue mt-3&quot;&gt; is not clickable at point (763, 600). Other element would receive the click: &lt;iframe title=&quot;recaptcha challenge expires in two minutes&quot; name=&quot;c-rk0byh3nw4pr&quot; frameborder=&quot;0&quot; scrolling=&quot;no&quot; sandbox=&quot;allow-forms allow-popups allow-same-origin allow-scripts allow-top-navigation allow-modals allow-popups-to-escape-sandbox allow-storage-access-by-user-activation&quot; src=&quot;https://www.google.com/recaptcha/api2/bframe?hl=en&amp;amp;v=vj7hFxe2iNgbe-u95xTozOXW&amp;amp;k=6LcWegclAAAAANuIZ3_JgCoh-naBjY69vaCvY2Xj&quot; style=&quot;width: 400px; height: 580px;&quot;&gt;&lt;/iframe&gt;
  (Session info: chrome=122.0.6261.95)
Build info: version: &apos;4.11.0&apos;, revision: &apos;040bc5406b&apos;
System info: os.name: &apos;Windows 11&apos;, os.arch: &apos;amd64&apos;, os.version: &apos;10.0&apos;, java.version: &apos;17.0.9&apos;
Driver info: org.openqa.selenium.chrome.ChromeDriver
Command: [7071aa0451a7e08e7aecefcdf631ecb6, clickElement {id=f.8905F2AEE986EF460AB7172F563AE273.d.91DF805AE3D6E70C4E1BE11F7A2DBD75.e.228}]
Capabilities {acceptInsecureCerts: false, browserName: chrome, browserVersion: 122.0.6261.95, chrome: {chromedriverVersion: 122.0.6261.94 (880dbf29479c..., userDataDir: C:\Users\vetri\AppData\Loca...}, fedcm:accounts: true, goog:chromeOptions: {debuggerAddress: localhost:14157}, networkConnectionEnabled: false, pageLoadStrategy: normal, platformName: windows, proxy: Proxy(), se:cdp: ws://localhost:14157/devtoo..., se:cdpVersion: 122.0.6261.95, setWindowRect: true, strictFileInteractability: false, timeouts: {implicit: 0, pageLoad: 300000, script: 30000}, unhandledPromptBehavior: dismiss and notify, webauthn:extension:credBlob: true, webauthn:extension:largeBlob: true, webauthn:extension:minPinLength: true, webauthn:extension:prf: true, webauthn:virtualAuthenticators: true}
Element: [[ChromeDriver: chrome on windows (7071aa0451a7e08e7aecefcdf631ecb6)] -&gt; xpath: //input[@id=&apos;ctl00_phBody_SignUp_btnContinue&apos;]]
Session ID: 7071aa0451a7e08e7aecefcdf631ecb6
	at java.base/jdk.internal.reflect.NativeConstructorAccessorImpl.newInstance0(Native Method)
	at java.base/jdk.internal.reflect.NativeConstructorAccessorImpl.newInstance(NativeConstructorAccessorImpl.java:77)
	at java.base/jdk.internal.reflect.DelegatingConstructorAccessorImpl.newInstance(DelegatingConstructorAccessorImpl.java:45)
	at java.base/java.lang.reflect.Constructor.newInstanceWithCaller(Constructor.java:499)
	at java.base/java.lang.reflect.Constructor.newInstance(Constructor.java:480)
	at org.openqa.selenium.remote.codec.w3c.W3CHttpResponseCodec.createException(W3CHttpResponseCodec.java:200)
	at org.openqa.selenium.remote.codec.w3c.W3CHttpResponseCodec.decode(W3CHttpResponseCodec.java:133)
	at org.openqa.selenium.remote.codec.w3c.W3CHttpResponseCodec.decode(W3CHttpResponseCodec.java:52)
	at org.openqa.selenium.remote.HttpCommandExecutor.execute(HttpCommandExecutor.java:191)
	at org.openqa.selenium.remote.service.DriverCommandExecutor.invokeExecute(DriverCommandExecutor.java:196)
	at org.openqa.selenium.remote.service.DriverCommandExecutor.execute(DriverCommandExecutor.java:171)
	at org.openqa.selenium.remote.RemoteWebDriver.execute(RemoteWebDriver.java:518)
	at org.openqa.selenium.remote.RemoteWebElement.execute(RemoteWebElement.java:224)
	at org.openqa.selenium.remote.RemoteWebElement.click(RemoteWebElement.java:77)
	at jdk.internal.reflect.GeneratedMethodAccessor70.invoke(Unknown Source)
	at java.base/jdk.internal.reflect.DelegatingMethodAccessorImpl.invoke(DelegatingMethodAccessorImpl.java:43)
	at java.base/java.lang.reflect.Method.invoke(Method.java:568)
	at org.openqa.selenium.support.pagefactory.internal.LocatingElementHandler.invoke(LocatingElementHandler.java:51)
	at jdk.proxy2/jdk.proxy2.$Proxy44.click(Unknown Source)
	at com.bookswagon.pages.RegisterPage.clickContinueButton(RegisterPage.java:65)
	at com.bookswagon.stepdefinitions.RegisterStepDefinition.user_clicks_on_continue_button(RegisterStepDefinition.java:63)
	at ✽.user clicks on continue button(file:///C:/RLL/RLL-Group-5-BooksWagon/src/test/resources/Features/Registration.feature:10)
</pre></div></td>
<td>51</td>
<td>com.bookswagon.runner.TestRunner@7fd50002</td></tr>
<tr>
<td title='com.bookswagon.runner.TestRunner.runScenario()'><b>runScenario</b><br>Test class: com.bookswagon.runner.TestRunner<br>Test method: Runs Cucumber Scenarios<br>Parameters: "User can not be able update the personal settings without filling mandatory deatils", "Bookswagon Personal Settings"</td>
<td><div><pre>java.lang.AssertionError: expected [true] but found [false]
	at com.bookswagon.stepdefinitions.PersonalSettingStepdefinition.user_can_not_update_the_details(PersonalSettingStepdefinition.java:111)
	at ✽.User can not update the details(file:///C:/RLL/RLL-Group-5-BooksWagon/src/test/resources/Features/PersonalSettings.feature:24)
... Removed 4 stack frames</pre></div><a href='#' onClick='toggleBox("stack-trace1041819283", this, "Click to show all stack frames", "Click to hide stack frames")'>Click to show all stack frames</a>
<div class='stack-trace' id='stack-trace1041819283'><pre>java.lang.AssertionError: expected [true] but found [false]
	at org.testng.Assert.fail(Assert.java:110)
	at org.testng.Assert.failNotEquals(Assert.java:1577)
	at org.testng.Assert.assertTrue(Assert.java:56)
	at org.testng.Assert.assertTrue(Assert.java:66)
	at com.bookswagon.stepdefinitions.PersonalSettingStepdefinition.user_can_not_update_the_details(PersonalSettingStepdefinition.java:111)
	at ✽.User can not update the details(file:///C:/RLL/RLL-Group-5-BooksWagon/src/test/resources/Features/PersonalSettings.feature:24)
</pre></div></td>
<td>55</td>
<td>com.bookswagon.runner.TestRunner@7fd50002</td></tr>
<tr>
<td title='com.bookswagon.runner.TestRunner.runScenario()'><b>runScenario</b><br>Test class: com.bookswagon.runner.TestRunner<br>Test method: Runs Cucumber Scenarios<br>Parameters: "Login with invalid credentials", "To test the functionality of Books Wagon page for login page"</td>
<td><div><pre>java.lang.AssertionError: expected [Please enter correct password.] but found [Please enter correct Passwor]
	at com.bookswagon.pages.LoginPage.getWrongPasswordErrorMessage(LoginPage.java:64)
	at com.bookswagon.stepdefinitions.LoginStepDefinitions.the_user_should_see_an_error_message_for_wrong_password_wrong_username(LoginStepDefinitions.java:137)
	at ✽.the user should see an error message for wrong password/wrong username(file:///C:/RLL/RLL-Group-5-BooksWagon/src/test/resources/Features/Login.feature:17)
... Removed 6 stack frames</pre></div><a href='#' onClick='toggleBox("stack-trace2032247677", this, "Click to show all stack frames", "Click to hide stack frames")'>Click to show all stack frames</a>
<div class='stack-trace' id='stack-trace2032247677'><pre>java.lang.AssertionError: expected [Please enter correct password.] but found [Please enter correct Passwor]
	at org.testng.Assert.fail(Assert.java:110)
	at org.testng.Assert.failNotEquals(Assert.java:1577)
	at org.testng.Assert.assertEqualsImpl(Assert.java:149)
	at org.testng.Assert.assertEquals(Assert.java:131)
	at org.testng.Assert.assertEquals(Assert.java:655)
	at org.testng.Assert.assertEquals(Assert.java:665)
	at com.bookswagon.pages.LoginPage.getWrongPasswordErrorMessage(LoginPage.java:64)
	at com.bookswagon.stepdefinitions.LoginStepDefinitions.the_user_should_see_an_error_message_for_wrong_password_wrong_username(LoginStepDefinitions.java:137)
	at ✽.the user should see an error message for wrong password/wrong username(file:///C:/RLL/RLL-Group-5-BooksWagon/src/test/resources/Features/Login.feature:17)
</pre></div></td>
<td>31</td>
<td>com.bookswagon.runner.TestRunner@7fd50002</td></tr>
<tr>
<td title='com.bookswagon.runner.TestRunner.runScenario()'><b>runScenario</b><br>Test class: com.bookswagon.runner.TestRunner<br>Test method: Runs Cucumber Scenarios<br>Parameters: "User can not be able update the personal settings without filling mandatory deatils", "Bookswagon Personal Settings"</td>
<td><div><pre>java.lang.AssertionError: expected [true] but found [false]
	at com.bookswagon.stepdefinitions.PersonalSettingStepdefinition.user_can_not_update_the_details(PersonalSettingStepdefinition.java:111)
	at ✽.User can not update the details(file:///C:/RLL/RLL-Group-5-BooksWagon/src/test/resources/Features/PersonalSettings.feature:24)
... Removed 4 stack frames</pre></div><a href='#' onClick='toggleBox("stack-trace1039806308", this, "Click to show all stack frames", "Click to hide stack frames")'>Click to show all stack frames</a>
<div class='stack-trace' id='stack-trace1039806308'><pre>java.lang.AssertionError: expected [true] but found [false]
	at org.testng.Assert.fail(Assert.java:110)
	at org.testng.Assert.failNotEquals(Assert.java:1577)
	at org.testng.Assert.assertTrue(Assert.java:56)
	at org.testng.Assert.assertTrue(Assert.java:66)
	at com.bookswagon.stepdefinitions.PersonalSettingStepdefinition.user_can_not_update_the_details(PersonalSettingStepdefinition.java:111)
	at ✽.User can not update the details(file:///C:/RLL/RLL-Group-5-BooksWagon/src/test/resources/Features/PersonalSettings.feature:24)
</pre></div></td>
<td>53</td>
<td>com.bookswagon.runner.TestRunner@7fd50002</td></tr>
</table><p>
</body>
</html>