<!DOCTYPE html>

<html>
  <head>
  <meta charset='utf-8'>
  <title>TestNG reports</title>

    <link type="text/css" href="testng-reports1.css" rel="stylesheet" id="ultra" />
    <link type="text/css" href="testng-reports.css" rel="stylesheet" id="retro" disabled="false"/>
    <script type="text/javascript" src="jquery-3.6.0.min.js"></script>
    <script type="text/javascript" src="testng-reports.js"></script>
    <script type="text/javascript" src="https://www.google.com/jsapi"></script>
    <script type='text/javascript'>
      google.load('visualization', '1', {packages:['table']});
      google.setOnLoadCallback(drawTable);
      var suiteTableInitFunctions = new Array();
      var suiteTableData = new Array();
    </script>
    <!--
      <script type="text/javascript" src="jquery-ui/js/jquery-ui-1.8.16.custom.min.js"></script>
     -->
  </head>

  <body>    <div class="top-banner-root">
      <span class="top-banner-title-font">Test results</span>
      <button id="button" class="button">Switch Retro Theme</button> <!-- button -->
      <br/>
      <span class="top-banner-font-1">1 suite, 3 failed tests</span>
    </div> <!-- top-banner-root -->
    <div class="navigator-root">
      <div class="navigator-suite-header">
        <span>All suites</span>
        <a href="#" title="Collapse/expand all the suites" class="collapse-all-link">
          <img src="collapseall.gif" class="collapse-all-icon">
          </img> <!-- collapse-all-icon -->
        </a> <!-- collapse-all-link -->
      </div> <!-- navigator-suite-header -->
      <div class="suite">
        <div class="rounded-window">
          <div class="suite-header light-rounded-window-top">
            <a href="#" panel-name="suite-Suite" class="navigator-link">
              <span class="suite-name border-failed">Suite</span>
            </a> <!-- navigator-link -->
          </div> <!-- suite-header light-rounded-window-top -->
          <div class="navigator-suite-content">
            <div class="suite-section-title">
              <span>Info</span>
            </div> <!-- suite-section-title -->
            <div class="suite-section-content">
              <ul>
                <li>
                  <a href="#" panel-name="test-xml-Suite" class="navigator-link ">
                    <span>C:\RLL\RLL-Group-5-BooksWagon\src\test\java\com\bookswagon\utilities\TestNg.xml</span>
                  </a> <!-- navigator-link  -->
                </li>
                <li>
                  <a href="#" panel-name="testlist-Suite" class="navigator-link ">
                    <span class="test-stats">1 test</span>
                  </a> <!-- navigator-link  -->
                </li>
                <li>
                  <a href="#" panel-name="group-Suite" class="navigator-link ">
                    <span>1 group</span>
                  </a> <!-- navigator-link  -->
                </li>
                <li>
                  <a href="#" panel-name="times-Suite" class="navigator-link ">
                    <span>Times</span>
                  </a> <!-- navigator-link  -->
                </li>
                <li>
                  <a href="#" panel-name="reporter-Suite" class="navigator-link ">
                    <span>Reporter output</span>
                  </a> <!-- navigator-link  -->
                </li>
                <li>
                  <a href="#" panel-name="ignored-methods-Suite" class="navigator-link ">
                    <span>Ignored methods</span>
                  </a> <!-- navigator-link  -->
                </li>
                <li>
                  <a href="#" panel-name="chronological-Suite" class="navigator-link ">
                    <span>Chronological view</span>
                  </a> <!-- navigator-link  -->
                </li>
              </ul>
            </div> <!-- suite-section-content -->
            <div class="result-section">
              <div class="suite-section-title">
                <span>Results</span>
              </div> <!-- suite-section-title -->
              <div class="suite-section-content">
                <ul>
                  <li>
                    <span class="method-stats">22 methods, 3 failed,  6 skipped,  13 passed</span>
                  </li>
                  <li>
                    <span class="method-list-title failed">Failed methods</span>
                    <span class="show-or-hide-methods failed">
                      <a href="#" panel-name="suite-Suite" class="hide-methods failed suite-Suite"> (hide)</a> <!-- hide-methods failed suite-Suite -->
                      <a href="#" panel-name="suite-Suite" class="show-methods failed suite-Suite"> (show)</a> <!-- show-methods failed suite-Suite -->
                    </span>
                    <div class="method-list-content failed suite-Suite">
                      <span>
                        <img src="failed.png" width="3%"/>
                        <a href="#" panel-name="suite-Suite" title="com.bookswagon.runner.TestRunner" class="method navigator-link" hash-for-method="runScenario(&quot;to test the Login page&quot;, &quot;to test the Books Wagon for register page&quot;)">runScenario("to test the Login page", "to test the Books Wagon for register page")</a> <!-- method navigator-link -->
                      </span>
                      <br/>
                      <span>
                        <img src="failed.png" width="3%"/>
                        <a href="#" panel-name="suite-Suite" title="com.bookswagon.runner.TestRunner" class="method navigator-link" hash-for-method="runScenario(&quot;Login with invalid credentials&quot;, &quot;To test the functionality of Books Wagon page for login page&quot;)">runScenario("Login with invalid credentials", "To test the functionality of Books Wagon page for login page")</a> <!-- method navigator-link -->
                      </span>
                      <br/>
                      <span>
                        <img src="failed.png" width="3%"/>
                        <a href="#" panel-name="suite-Suite" title="com.bookswagon.runner.TestRunner" class="method navigator-link" hash-for-method="runScenario(&quot;User can not be able update the personal settings without filling mandatory deatils&quot;, &quot;Bookswagon P...)">runScenario("User can not be able update the personal settings without filling mandatory deatils", "Bookswagon P...)</a> <!-- method navigator-link -->
                      </span>
                      <br/>
                    </div> <!-- method-list-content failed suite-Suite -->
                  </li>
                  <li>
                    <span class="method-list-title skipped">Retried methods</span>
                    <span class="show-or-hide-methods skipped">
                      <a href="#" panel-name="suite-Suite" class="hide-methods skipped suite-Suite"> (hide)</a> <!-- hide-methods skipped suite-Suite -->
                      <a href="#" panel-name="suite-Suite" class="show-methods skipped suite-Suite"> (show)</a> <!-- show-methods skipped suite-Suite -->
                    </span>
                    <div class="method-list-content skipped suite-Suite">
                      <span>
                        <img src="skipped.png" width="3%"/>
                        <a href="#" panel-name="suite-Suite" title="com.bookswagon.runner.TestRunner" class="method navigator-link" hash-for-method="runScenario(&quot;Login with invalid credentials&quot;, &quot;To test the functionality of Books Wagon page for login page&quot;)">runScenario("Login with invalid credentials", "To test the functionality of Books Wagon page for login page")</a> <!-- method navigator-link -->
                      </span>
                      <br/>
                      <span>
                        <img src="skipped.png" width="3%"/>
                        <a href="#" panel-name="suite-Suite" title="com.bookswagon.runner.TestRunner" class="method navigator-link" hash-for-method="runScenario(&quot;to test the Login page&quot;, &quot;to test the Books Wagon for register page&quot;)">runScenario("to test the Login page", "to test the Books Wagon for register page")</a> <!-- method navigator-link -->
                      </span>
                      <br/>
                      <span>
                        <img src="skipped.png" width="3%"/>
                        <a href="#" panel-name="suite-Suite" title="com.bookswagon.runner.TestRunner" class="method navigator-link" hash-for-method="runScenario(&quot;to test the Login page&quot;, &quot;to test the Books Wagon for register page&quot;)">runScenario("to test the Login page", "to test the Books Wagon for register page")</a> <!-- method navigator-link -->
                      </span>
                      <br/>
                      <span>
                        <img src="skipped.png" width="3%"/>
                        <a href="#" panel-name="suite-Suite" title="com.bookswagon.runner.TestRunner" class="method navigator-link" hash-for-method="runScenario(&quot;User can not be able update the personal settings without filling mandatory deatils&quot;, &quot;Bookswagon P...)">runScenario("User can not be able update the personal settings without filling mandatory deatils", "Bookswagon P...)</a> <!-- method navigator-link -->
                      </span>
                      <br/>
                      <span>
                        <img src="skipped.png" width="3%"/>
                        <a href="#" panel-name="suite-Suite" title="com.bookswagon.runner.TestRunner" class="method navigator-link" hash-for-method="runScenario(&quot;Login with invalid credentials&quot;, &quot;To test the functionality of Books Wagon page for login page&quot;)">runScenario("Login with invalid credentials", "To test the functionality of Books Wagon page for login page")</a> <!-- method navigator-link -->
                      </span>
                      <br/>
                      <span>
                        <img src="skipped.png" width="3%"/>
                        <a href="#" panel-name="suite-Suite" title="com.bookswagon.runner.TestRunner" class="method navigator-link" hash-for-method="runScenario(&quot;User can not be able update the personal settings without filling mandatory deatils&quot;, &quot;Bookswagon P...)">runScenario("User can not be able update the personal settings without filling mandatory deatils", "Bookswagon P...)</a> <!-- method navigator-link -->
                      </span>
                      <br/>
                    </div> <!-- method-list-content skipped suite-Suite -->
                  </li>
                  <li>
                    <span class="method-list-title passed">Passed methods</span>
                    <span class="show-or-hide-methods passed">
                      <a href="#" panel-name="suite-Suite" class="hide-methods passed suite-Suite"> (hide)</a> <!-- hide-methods passed suite-Suite -->
                      <a href="#" panel-name="suite-Suite" class="show-methods passed suite-Suite"> (show)</a> <!-- show-methods passed suite-Suite -->
                    </span>
                    <div class="method-list-content passed suite-Suite">
                      <span>
                        <img src="passed.png" width="3%"/>
                        <a href="#" panel-name="suite-Suite" title="com.bookswagon.runner.TestRunner" class="method navigator-link" hash-for-method="runScenario(&quot;Navigate to the Award winners page and sorting operation&quot;, &quot;Award winners/sort By&quot;)">runScenario("Navigate to the Award winners page and sorting operation", "Award winners/sort By")</a> <!-- method navigator-link -->
                      </span>
                      <br/>
                      <span>
                        <img src="passed.png" width="3%"/>
                        <a href="#" panel-name="suite-Suite" title="com.bookswagon.runner.TestRunner" class="method navigator-link" hash-for-method="runScenario(&quot;Login with valid credentials&quot;, &quot;To test the functionality of Books Wagon page for login page&quot;)">runScenario("Login with valid credentials", "To test the functionality of Books Wagon page for login page")</a> <!-- method navigator-link -->
                      </span>
                      <br/>
                      <span>
                        <img src="passed.png" width="3%"/>
                        <a href="#" panel-name="suite-Suite" title="com.bookswagon.runner.TestRunner" class="method navigator-link" hash-for-method="runScenario(&quot;User can add/edit and remove the Address&quot;, &quot;Bookswagon Personal Settings&quot;)">runScenario("User can add/edit and remove the Address", "Bookswagon Personal Settings")</a> <!-- method navigator-link -->
                      </span>
                      <br/>
                      <span>
                        <img src="passed.png" width="3%"/>
                        <a href="#" panel-name="suite-Suite" title="com.bookswagon.runner.TestRunner" class="method navigator-link" hash-for-method="runScenario(&quot;Sorting Award winners page and adding the product to cart&quot;, &quot;Award winners/sort By&quot;)">runScenario("Sorting Award winners page and adding the product to cart", "Award winners/sort By")</a> <!-- method navigator-link -->
                      </span>
                      <br/>
                      <span>
                        <img src="passed.png" width="3%"/>
                        <a href="#" panel-name="suite-Suite" title="com.bookswagon.runner.TestRunner" class="method navigator-link" hash-for-method="runScenario(&quot;Shopping cart functionality&quot;, &quot;To test the bookswagon page for shopping cart&quot;)">runScenario("Shopping cart functionality", "To test the bookswagon page for shopping cart")</a> <!-- method navigator-link -->
                      </span>
                      <br/>
                      <span>
                        <img src="passed.png" width="3%"/>
                        <a href="#" panel-name="suite-Suite" title="com.bookswagon.runner.TestRunner" class="method navigator-link" hash-for-method="runScenario(&quot;Requesting a book with invalid ISBN13 number&quot;, &quot;Test the functionality of requesting book&quot;)">runScenario("Requesting a book with invalid ISBN13 number", "Test the functionality of requesting book")</a> <!-- method navigator-link -->
                      </span>
                      <br/>
                      <span>
                        <img src="passed.png" width="3%"/>
                        <a href="#" panel-name="suite-Suite" title="com.bookswagon.runner.TestRunner" class="method navigator-link" hash-for-method="runScenario(&quot;to test the My Wishlist page&quot;, &quot;to test the Books Wagon page on chrome browser&quot;)">runScenario("to test the My Wishlist page", "to test the Books Wagon page on chrome browser")</a> <!-- method navigator-link -->
                      </span>
                      <br/>
                      <span>
                        <img src="passed.png" width="3%"/>
                        <a href="#" panel-name="suite-Suite" title="com.bookswagon.runner.TestRunner" class="method navigator-link" hash-for-method="runScenario(&quot;Requesting a book which is unavailable one&quot;, &quot;Test the functionality of requesting book&quot;)">runScenario("Requesting a book which is unavailable one", "Test the functionality of requesting book")</a> <!-- method navigator-link -->
                      </span>
                      <br/>
                      <span>
                        <img src="passed.png" width="3%"/>
                        <a href="#" panel-name="suite-Suite" title="com.bookswagon.runner.TestRunner" class="method navigator-link" hash-for-method="runScenario(&quot;Seaching the book on the bookSite&quot;, &quot;Search the book on the search bar&quot;)">runScenario("Seaching the book on the bookSite", "Search the book on the search bar")</a> <!-- method navigator-link -->
                      </span>
                      <br/>
                      <span>
                        <img src="passed.png" width="3%"/>
                        <a href="#" panel-name="suite-Suite" title="com.bookswagon.runner.TestRunner" class="method navigator-link" hash-for-method="runScenario(&quot;User can be able to update the personal settings&quot;, &quot;Bookswagon Personal Settings&quot;)">runScenario("User can be able to update the personal settings", "Bookswagon Personal Settings")</a> <!-- method navigator-link -->
                      </span>
                      <br/>
                      <span>
                        <img src="passed.png" width="3%"/>
                        <a href="#" panel-name="suite-Suite" title="com.bookswagon.runner.TestRunner" class="method navigator-link" hash-for-method="runScenario(&quot;Requesting a book with invalid ISBN13 number&quot;, &quot;Test the functionality of requesting book&quot;)">runScenario("Requesting a book with invalid ISBN13 number", "Test the functionality of requesting book")</a> <!-- method navigator-link -->
                      </span>
                      <br/>
                      <span>
                        <img src="passed.png" width="3%"/>
                        <a href="#" panel-name="suite-Suite" title="com.bookswagon.runner.TestRunner" class="method navigator-link" hash-for-method="runScenario(&quot;Requesting a book with invalid ISBN13 number&quot;, &quot;Test the functionality of requesting book&quot;)">runScenario("Requesting a book with invalid ISBN13 number", "Test the functionality of requesting book")</a> <!-- method navigator-link -->
                      </span>
                      <br/>
                      <span>
                        <img src="passed.png" width="3%"/>
                        <a href="#" panel-name="suite-Suite" title="com.bookswagon.runner.TestRunner" class="method navigator-link" hash-for-method="runScenario(&quot;Seaching the book on the bookSite&quot;, &quot;Search the book on the search bar&quot;)">runScenario("Seaching the book on the bookSite", "Search the book on the search bar")</a> <!-- method navigator-link -->
                      </span>
                      <br/>
                    </div> <!-- method-list-content passed suite-Suite -->
                  </li>
                </ul>
              </div> <!-- suite-section-content -->
            </div> <!-- result-section -->
          </div> <!-- navigator-suite-content -->
        </div> <!-- rounded-window -->
      </div> <!-- suite -->
    </div> <!-- navigator-root -->
    <div class="wrapper">
      <div class="main-panel-root">
        <div panel-name="suite-Suite" class="panel Suite">
          <div class="suite-Suite-class-failed">
            <div class="main-panel-header rounded-window-top">
              <img src="failed.png"/>
              <span class="class-name">com.bookswagon.runner.TestRunner</span>
            </div> <!-- main-panel-header rounded-window-top -->
            <div class="main-panel-content rounded-window-bottom">
              <div class="method">
                <div class="method-content">
                  <a name="runScenario(&quot;to test the Login page&quot;, &quot;to test the Books Wagon for register page&quot;)">
                  </a> <!-- runScenario("to test the Login page", "to test the Books Wagon for register page") -->
                  <span class="method-name">runScenario</span>
                  <span class="parameters">("to test the Login page","to test the Books Wagon for register page")</span>
                  <div class="stack-trace">org.openqa.selenium.ElementNotInteractableException: element not interactable
  (Session info: chrome=122.0.6261.95)
Build info: version: &apos;4.11.0&apos;, revision: &apos;040bc5406b&apos;
System info: os.name: &apos;Windows 11&apos;, os.arch: &apos;amd64&apos;, os.version: &apos;10.0&apos;, java.version: &apos;17.0.9&apos;
Driver info: org.openqa.selenium.chrome.ChromeDriver
Command: [0d0c43d070f66b065410417212b2920d, sendKeysToElement {id=f.85C3CC53CA8AAF3882BBDA098C7F673C.d.DCD400381AB6F0FEE985B4609178A086.e.413, value=[Ljava.lang.CharSequence;@5a5b394}]
Capabilities {acceptInsecureCerts: false, browserName: chrome, browserVersion: 122.0.6261.95, chrome: {chromedriverVersion: 122.0.6261.94 (880dbf29479c..., userDataDir: C:\Users\vetri\AppData\Loca...}, fedcm:accounts: true, goog:chromeOptions: {debuggerAddress: localhost:14241}, networkConnectionEnabled: false, pageLoadStrategy: normal, platformName: windows, proxy: Proxy(), se:cdp: ws://localhost:14241/devtoo..., se:cdpVersion: 122.0.6261.95, setWindowRect: true, strictFileInteractability: false, timeouts: {implicit: 0, pageLoad: 300000, script: 30000}, unhandledPromptBehavior: dismiss and notify, webauthn:extension:credBlob: true, webauthn:extension:largeBlob: true, webauthn:extension:minPinLength: true, webauthn:extension:prf: true, webauthn:virtualAuthenticators: true}
Element: [[ChromeDriver: chrome on windows (0d0c43d070f66b065410417212b2920d)] -&gt; xpath: //input[@id=&apos;ctl00_phBody_SignUp_txtPassword&apos;]]
Session ID: 0d0c43d070f66b065410417212b2920d
	at org.openqa.selenium.remote.codec.w3c.W3CHttpResponseCodec.createException(W3CHttpResponseCodec.java:200)
	at org.openqa.selenium.remote.codec.w3c.W3CHttpResponseCodec.decode(W3CHttpResponseCodec.java:133)
	at org.openqa.selenium.remote.codec.w3c.W3CHttpResponseCodec.decode(W3CHttpResponseCodec.java:52)
	at org.openqa.selenium.remote.HttpCommandExecutor.execute(HttpCommandExecutor.java:191)
	at org.openqa.selenium.remote.service.DriverCommandExecutor.invokeExecute(DriverCommandExecutor.java:196)
	at org.openqa.selenium.remote.service.DriverCommandExecutor.execute(DriverCommandExecutor.java:171)
	at org.openqa.selenium.remote.RemoteWebDriver.execute(RemoteWebDriver.java:518)
	at org.openqa.selenium.remote.RemoteWebElement.execute(RemoteWebElement.java:224)
	at org.openqa.selenium.remote.RemoteWebElement.sendKeys(RemoteWebElement.java:111)
	at org.openqa.selenium.support.pagefactory.internal.LocatingElementHandler.invoke(LocatingElementHandler.java:51)
	at jdk.proxy2/jdk.proxy2.$Proxy44.sendKeys(Unknown Source)
	at com.bookswagon.pages.RegisterPage.enterPassword(RegisterPage.java:70)
	at com.bookswagon.stepdefinitions.RegisterStepDefinition.user_enter_password_as(RegisterStepDefinition.java:69)
	at ✽.user enter password as &apos;Jaya@111&apos;(file:///C:/RLL/RLL-Group-5-BooksWagon/src/test/resources/Features/Registration.feature:11)
... Removed 8 stack frames
</div> <!-- stack-trace -->
                  <em>
(Runs Cucumber Scenarios)                  </em>
                </div> <!-- method-content -->
              </div> <!-- method -->
              <div class="method">
                <div class="method-content">
                  <a name="runScenario(&quot;Login with invalid credentials&quot;, &quot;To test the functionality of Books Wagon page for login page&quot;)">
                  </a> <!-- runScenario("Login with invalid credentials", "To test the functionality of Books Wagon page for login page") -->
                  <span class="method-name">runScenario</span>
                  <span class="parameters">("Login with invalid credentials","To test the functionality of Books Wagon page for login page")</span>
                  <div class="stack-trace">org.openqa.selenium.WebDriverException: no such execution context
  (Session info: chrome=122.0.6261.95)
Build info: version: &apos;4.11.0&apos;, revision: &apos;040bc5406b&apos;
System info: os.name: &apos;Windows 11&apos;, os.arch: &apos;amd64&apos;, os.version: &apos;10.0&apos;, java.version: &apos;17.0.9&apos;
Driver info: org.openqa.selenium.chrome.ChromeDriver
Command: [f8b94ddae8fb5a360755c998a3024afe, clickElement {id=f.3AC9F1BC18C51E1C1D2FE6EE4B7B5FFA.d.1EC364058A64C6ADDC348162263ACFF1.e.241}]
Capabilities {acceptInsecureCerts: false, browserName: chrome, browserVersion: 122.0.6261.95, chrome: {chromedriverVersion: 122.0.6261.94 (880dbf29479c..., userDataDir: C:\Users\vetri\AppData\Loca...}, fedcm:accounts: true, goog:chromeOptions: {debuggerAddress: localhost:13682}, networkConnectionEnabled: false, pageLoadStrategy: normal, platformName: windows, proxy: Proxy(), se:cdp: ws://localhost:13682/devtoo..., se:cdpVersion: 122.0.6261.95, setWindowRect: true, strictFileInteractability: false, timeouts: {implicit: 0, pageLoad: 300000, script: 30000}, unhandledPromptBehavior: dismiss and notify, webauthn:extension:credBlob: true, webauthn:extension:largeBlob: true, webauthn:extension:minPinLength: true, webauthn:extension:prf: true, webauthn:virtualAuthenticators: true}
Element: [[ChromeDriver: chrome on windows (f8b94ddae8fb5a360755c998a3024afe)] -&gt; xpath: //a[@id=&apos;ctl00_phBody_SignIn_btnLogin&apos;]]
Session ID: f8b94ddae8fb5a360755c998a3024afe
	at org.openqa.selenium.remote.codec.w3c.W3CHttpResponseCodec.createException(W3CHttpResponseCodec.java:200)
	at org.openqa.selenium.remote.codec.w3c.W3CHttpResponseCodec.decode(W3CHttpResponseCodec.java:133)
	at org.openqa.selenium.remote.codec.w3c.W3CHttpResponseCodec.decode(W3CHttpResponseCodec.java:52)
	at org.openqa.selenium.remote.HttpCommandExecutor.execute(HttpCommandExecutor.java:191)
	at org.openqa.selenium.remote.service.DriverCommandExecutor.invokeExecute(DriverCommandExecutor.java:196)
	at org.openqa.selenium.remote.service.DriverCommandExecutor.execute(DriverCommandExecutor.java:171)
	at org.openqa.selenium.remote.RemoteWebDriver.execute(RemoteWebDriver.java:518)
	at org.openqa.selenium.remote.RemoteWebElement.execute(RemoteWebElement.java:224)
	at org.openqa.selenium.remote.RemoteWebElement.click(RemoteWebElement.java:77)
	at org.openqa.selenium.support.pagefactory.internal.LocatingElementHandler.invoke(LocatingElementHandler.java:51)
	at jdk.proxy2/jdk.proxy2.$Proxy44.click(Unknown Source)
	at com.bookswagon.pages.LoginPage.ClickOnLoginButton(LoginPage.java:56)
	at com.bookswagon.stepdefinitions.LoginStepDefinitions.the_user_press_on_the_login_button(LoginStepDefinitions.java:119)
	at ✽.the User press on the login button(file:///C:/RLL/RLL-Group-5-BooksWagon/src/test/resources/Features/Login.feature:16)
... Removed 8 stack frames
</div> <!-- stack-trace -->
                  <em>
(Runs Cucumber Scenarios)                  </em>
                </div> <!-- method-content -->
              </div> <!-- method -->
              <div class="method">
                <div class="method-content">
                  <a name="runScenario(&quot;User can not be able update the personal settings without filling mandatory deatils&quot;, &quot;Bookswagon P...)">
                  </a> <!-- runScenario("User can not be able update the personal settings without filling mandatory deatils", "Bookswagon P...) -->
                  <span class="method-name">runScenario</span>
                  <span class="parameters">("User can not be able update the personal settings without filling mandatory deatils","Bookswagon Personal Settings")</span>
                  <div class="stack-trace">java.lang.AssertionError: expected [true] but found [false]
	at com.bookswagon.stepdefinitions.PersonalSettingStepdefinition.user_can_not_update_the_details(PersonalSettingStepdefinition.java:111)
	at ✽.User can not update the details(file:///C:/RLL/RLL-Group-5-BooksWagon/src/test/resources/Features/PersonalSettings.feature:24)
... Removed 4 stack frames
</div> <!-- stack-trace -->
                  <em>
(Runs Cucumber Scenarios)                  </em>
                </div> <!-- method-content -->
              </div> <!-- method -->
            </div> <!-- main-panel-content rounded-window-bottom -->
          </div> <!-- suite-Suite-class-failed -->
          <div class="suite-Suite-class-skipped">
            <div class="main-panel-header rounded-window-top">
              <img src="skipped.png"/>
              <span class="class-name">com.bookswagon.runner.TestRunner</span>
            </div> <!-- main-panel-header rounded-window-top -->
            <div class="main-panel-content rounded-window-bottom">
              <div class="method">
                <div class="method-content">
                  <a name="runScenario(&quot;Login with invalid credentials&quot;, &quot;To test the functionality of Books Wagon page for login page&quot;)">
                  </a> <!-- runScenario("Login with invalid credentials", "To test the functionality of Books Wagon page for login page") -->
                  <span class="method-name">runScenario</span>
                  <span class="parameters">("Login with invalid credentials","To test the functionality of Books Wagon page for login page")</span>
                  <div class="stack-trace">java.lang.AssertionError: expected [Please enter correct password.] but found [Please enter correct Passwor]
	at com.bookswagon.pages.LoginPage.getWrongPasswordErrorMessage(LoginPage.java:64)
	at com.bookswagon.stepdefinitions.LoginStepDefinitions.the_user_should_see_an_error_message_for_wrong_password_wrong_username(LoginStepDefinitions.java:137)
	at ✽.the user should see an error message for wrong password/wrong username(file:///C:/RLL/RLL-Group-5-BooksWagon/src/test/resources/Features/Login.feature:17)
... Removed 6 stack frames
</div> <!-- stack-trace -->
                  <em>
(Runs Cucumber Scenarios)                  </em>
                </div> <!-- method-content -->
              </div> <!-- method -->
              <div class="method">
                <div class="method-content">
                  <a name="runScenario(&quot;to test the Login page&quot;, &quot;to test the Books Wagon for register page&quot;)">
                  </a> <!-- runScenario("to test the Login page", "to test the Books Wagon for register page") -->
                  <span class="method-name">runScenario</span>
                  <span class="parameters">("to test the Login page","to test the Books Wagon for register page")</span>
                  <div class="stack-trace">org.openqa.selenium.ElementNotInteractableException: element not interactable
  (Session info: chrome=122.0.6261.95)
Build info: version: &apos;4.11.0&apos;, revision: &apos;040bc5406b&apos;
System info: os.name: &apos;Windows 11&apos;, os.arch: &apos;amd64&apos;, os.version: &apos;10.0&apos;, java.version: &apos;17.0.9&apos;
Driver info: org.openqa.selenium.chrome.ChromeDriver
Command: [a0812c547b3527bbfe9daef1f940405e, sendKeysToElement {id=f.4EBA1D3873A368766F7846028B2A79F6.d.A48211CED190A87D4ABD056D39B4B473.e.434, value=[Ljava.lang.CharSequence;@608c2042}]
Capabilities {acceptInsecureCerts: false, browserName: chrome, browserVersion: 122.0.6261.95, chrome: {chromedriverVersion: 122.0.6261.94 (880dbf29479c..., userDataDir: C:\Users\vetri\AppData\Loca...}, fedcm:accounts: true, goog:chromeOptions: {debuggerAddress: localhost:14054}, networkConnectionEnabled: false, pageLoadStrategy: normal, platformName: windows, proxy: Proxy(), se:cdp: ws://localhost:14054/devtoo..., se:cdpVersion: 122.0.6261.95, setWindowRect: true, strictFileInteractability: false, timeouts: {implicit: 0, pageLoad: 300000, script: 30000}, unhandledPromptBehavior: dismiss and notify, webauthn:extension:credBlob: true, webauthn:extension:largeBlob: true, webauthn:extension:minPinLength: true, webauthn:extension:prf: true, webauthn:virtualAuthenticators: true}
Element: [[ChromeDriver: chrome on windows (a0812c547b3527bbfe9daef1f940405e)] -&gt; xpath: //input[@id=&apos;ctl00_phBody_SignUp_txtPassword&apos;]]
Session ID: a0812c547b3527bbfe9daef1f940405e
	at org.openqa.selenium.remote.codec.w3c.W3CHttpResponseCodec.createException(W3CHttpResponseCodec.java:200)
	at org.openqa.selenium.remote.codec.w3c.W3CHttpResponseCodec.decode(W3CHttpResponseCodec.java:133)
	at org.openqa.selenium.remote.codec.w3c.W3CHttpResponseCodec.decode(W3CHttpResponseCodec.java:52)
	at org.openqa.selenium.remote.HttpCommandExecutor.execute(HttpCommandExecutor.java:191)
	at org.openqa.selenium.remote.service.DriverCommandExecutor.invokeExecute(DriverCommandExecutor.java:196)
	at org.openqa.selenium.remote.service.DriverCommandExecutor.execute(DriverCommandExecutor.java:171)
	at org.openqa.selenium.remote.RemoteWebDriver.execute(RemoteWebDriver.java:518)
	at org.openqa.selenium.remote.RemoteWebElement.execute(RemoteWebElement.java:224)
	at org.openqa.selenium.remote.RemoteWebElement.sendKeys(RemoteWebElement.java:111)
	at org.openqa.selenium.support.pagefactory.internal.LocatingElementHandler.invoke(LocatingElementHandler.java:51)
	at jdk.proxy2/jdk.proxy2.$Proxy44.sendKeys(Unknown Source)
	at com.bookswagon.pages.RegisterPage.enterPassword(RegisterPage.java:70)
	at com.bookswagon.stepdefinitions.RegisterStepDefinition.user_enter_password_as(RegisterStepDefinition.java:69)
	at ✽.user enter password as &apos;Jaya@111&apos;(file:///C:/RLL/RLL-Group-5-BooksWagon/src/test/resources/Features/Registration.feature:11)
... Removed 8 stack frames
</div> <!-- stack-trace -->
                  <em>
(Runs Cucumber Scenarios)                  </em>
                </div> <!-- method-content -->
              </div> <!-- method -->
              <div class="method">
                <div class="method-content">
                  <a name="runScenario(&quot;to test the Login page&quot;, &quot;to test the Books Wagon for register page&quot;)">
                  </a> <!-- runScenario("to test the Login page", "to test the Books Wagon for register page") -->
                  <span class="method-name">runScenario</span>
                  <span class="parameters">("to test the Login page","to test the Books Wagon for register page")</span>
                  <div class="stack-trace">org.openqa.selenium.ElementClickInterceptedException: element click intercepted: Element &lt;input type=&quot;submit&quot; name=&quot;ctl00$phBody$SignUp$btnContinue&quot; value=&quot;Continue&quot; onclick=&quot;javascript:WebForm_DoPostBackWithOptions(new WebForm_PostBackOptions(&amp;quot;ctl00$phBody$SignUp$btnContinue&amp;quot;, &amp;quot;&amp;quot;, true, &amp;quot;vgSignUp&amp;quot;, &amp;quot;&amp;quot;, false, false))&quot; id=&quot;ctl00_phBody_SignUp_btnContinue&quot; class=&quot;btn btn-block border themeborder themecolor mb-2 signupcontinue mt-3&quot;&gt; is not clickable at point (763, 600). Other element would receive the click: &lt;iframe title=&quot;recaptcha challenge expires in two minutes&quot; name=&quot;c-rk0byh3nw4pr&quot; frameborder=&quot;0&quot; scrolling=&quot;no&quot; sandbox=&quot;allow-forms allow-popups allow-same-origin allow-scripts allow-top-navigation allow-modals allow-popups-to-escape-sandbox allow-storage-access-by-user-activation&quot; src=&quot;https://www.google.com/recaptcha/api2/bframe?hl=en&amp;amp;v=vj7hFxe2iNgbe-u95xTozOXW&amp;amp;k=6LcWegclAAAAANuIZ3_JgCoh-naBjY69vaCvY2Xj&quot; style=&quot;width: 400px; height: 580px;&quot;&gt;&lt;/iframe&gt;
  (Session info: chrome=122.0.6261.95)
Build info: version: &apos;4.11.0&apos;, revision: &apos;040bc5406b&apos;
System info: os.name: &apos;Windows 11&apos;, os.arch: &apos;amd64&apos;, os.version: &apos;10.0&apos;, java.version: &apos;17.0.9&apos;
Driver info: org.openqa.selenium.chrome.ChromeDriver
Command: [7071aa0451a7e08e7aecefcdf631ecb6, clickElement {id=f.8905F2AEE986EF460AB7172F563AE273.d.91DF805AE3D6E70C4E1BE11F7A2DBD75.e.228}]
Capabilities {acceptInsecureCerts: false, browserName: chrome, browserVersion: 122.0.6261.95, chrome: {chromedriverVersion: 122.0.6261.94 (880dbf29479c..., userDataDir: C:\Users\vetri\AppData\Loca...}, fedcm:accounts: true, goog:chromeOptions: {debuggerAddress: localhost:14157}, networkConnectionEnabled: false, pageLoadStrategy: normal, platformName: windows, proxy: Proxy(), se:cdp: ws://localhost:14157/devtoo..., se:cdpVersion: 122.0.6261.95, setWindowRect: true, strictFileInteractability: false, timeouts: {implicit: 0, pageLoad: 300000, script: 30000}, unhandledPromptBehavior: dismiss and notify, webauthn:extension:credBlob: true, webauthn:extension:largeBlob: true, webauthn:extension:minPinLength: true, webauthn:extension:prf: true, webauthn:virtualAuthenticators: true}
Element: [[ChromeDriver: chrome on windows (7071aa0451a7e08e7aecefcdf631ecb6)] -&gt; xpath: //input[@id=&apos;ctl00_phBody_SignUp_btnContinue&apos;]]
Session ID: 7071aa0451a7e08e7aecefcdf631ecb6
	at org.openqa.selenium.remote.codec.w3c.W3CHttpResponseCodec.createException(W3CHttpResponseCodec.java:200)
	at org.openqa.selenium.remote.codec.w3c.W3CHttpResponseCodec.decode(W3CHttpResponseCodec.java:133)
	at org.openqa.selenium.remote.codec.w3c.W3CHttpResponseCodec.decode(W3CHttpResponseCodec.java:52)
	at org.openqa.selenium.remote.HttpCommandExecutor.execute(HttpCommandExecutor.java:191)
	at org.openqa.selenium.remote.service.DriverCommandExecutor.invokeExecute(DriverCommandExecutor.java:196)
	at org.openqa.selenium.remote.service.DriverCommandExecutor.execute(DriverCommandExecutor.java:171)
	at org.openqa.selenium.remote.RemoteWebDriver.execute(RemoteWebDriver.java:518)
	at org.openqa.selenium.remote.RemoteWebElement.execute(RemoteWebElement.java:224)
	at org.openqa.selenium.remote.RemoteWebElement.click(RemoteWebElement.java:77)
	at org.openqa.selenium.support.pagefactory.internal.LocatingElementHandler.invoke(LocatingElementHandler.java:51)
	at jdk.proxy2/jdk.proxy2.$Proxy44.click(Unknown Source)
	at com.bookswagon.pages.RegisterPage.clickContinueButton(RegisterPage.java:65)
	at com.bookswagon.stepdefinitions.RegisterStepDefinition.user_clicks_on_continue_button(RegisterStepDefinition.java:63)
	at ✽.user clicks on continue button(file:///C:/RLL/RLL-Group-5-BooksWagon/src/test/resources/Features/Registration.feature:10)
... Removed 8 stack frames
</div> <!-- stack-trace -->
                  <em>
(Runs Cucumber Scenarios)                  </em>
                </div> <!-- method-content -->
              </div> <!-- method -->
              <div class="method">
                <div class="method-content">
                  <a name="runScenario(&quot;User can not be able update the personal settings without filling mandatory deatils&quot;, &quot;Bookswagon P...)">
                  </a> <!-- runScenario("User can not be able update the personal settings without filling mandatory deatils", "Bookswagon P...) -->
                  <span class="method-name">runScenario</span>
                  <span class="parameters">("User can not be able update the personal settings without filling mandatory deatils","Bookswagon Personal Settings")</span>
                  <div class="stack-trace">java.lang.AssertionError: expected [true] but found [false]
	at com.bookswagon.stepdefinitions.PersonalSettingStepdefinition.user_can_not_update_the_details(PersonalSettingStepdefinition.java:111)
	at ✽.User can not update the details(file:///C:/RLL/RLL-Group-5-BooksWagon/src/test/resources/Features/PersonalSettings.feature:24)
... Removed 4 stack frames
</div> <!-- stack-trace -->
                  <em>
(Runs Cucumber Scenarios)                  </em>
                </div> <!-- method-content -->
              </div> <!-- method -->
              <div class="method">
                <div class="method-content">
                  <a name="runScenario(&quot;Login with invalid credentials&quot;, &quot;To test the functionality of Books Wagon page for login page&quot;)">
                  </a> <!-- runScenario("Login with invalid credentials", "To test the functionality of Books Wagon page for login page") -->
                  <span class="method-name">runScenario</span>
                  <span class="parameters">("Login with invalid credentials","To test the functionality of Books Wagon page for login page")</span>
                  <div class="stack-trace">java.lang.AssertionError: expected [Please enter correct password.] but found [Please enter correct Passwor]
	at com.bookswagon.pages.LoginPage.getWrongPasswordErrorMessage(LoginPage.java:64)
	at com.bookswagon.stepdefinitions.LoginStepDefinitions.the_user_should_see_an_error_message_for_wrong_password_wrong_username(LoginStepDefinitions.java:137)
	at ✽.the user should see an error message for wrong password/wrong username(file:///C:/RLL/RLL-Group-5-BooksWagon/src/test/resources/Features/Login.feature:17)
... Removed 6 stack frames
</div> <!-- stack-trace -->
                  <em>
(Runs Cucumber Scenarios)                  </em>
                </div> <!-- method-content -->
              </div> <!-- method -->
              <div class="method">
                <div class="method-content">
                  <a name="runScenario(&quot;User can not be able update the personal settings without filling mandatory deatils&quot;, &quot;Bookswagon P...)">
                  </a> <!-- runScenario("User can not be able update the personal settings without filling mandatory deatils", "Bookswagon P...) -->
                  <span class="method-name">runScenario</span>
                  <span class="parameters">("User can not be able update the personal settings without filling mandatory deatils","Bookswagon Personal Settings")</span>
                  <div class="stack-trace">java.lang.AssertionError: expected [true] but found [false]
	at com.bookswagon.stepdefinitions.PersonalSettingStepdefinition.user_can_not_update_the_details(PersonalSettingStepdefinition.java:111)
	at ✽.User can not update the details(file:///C:/RLL/RLL-Group-5-BooksWagon/src/test/resources/Features/PersonalSettings.feature:24)
... Removed 4 stack frames
</div> <!-- stack-trace -->
                  <em>
(Runs Cucumber Scenarios)                  </em>
                </div> <!-- method-content -->
              </div> <!-- method -->
            </div> <!-- main-panel-content rounded-window-bottom -->
          </div> <!-- suite-Suite-class-skipped -->
          <div class="suite-Suite-class-passed">
            <div class="main-panel-header rounded-window-top">
              <img src="passed.png"/>
              <span class="class-name">com.bookswagon.runner.TestRunner</span>
            </div> <!-- main-panel-header rounded-window-top -->
            <div class="main-panel-content rounded-window-bottom">
              <div class="method">
                <div class="method-content">
                  <a name="runScenario(&quot;Navigate to the Award winners page and sorting operation&quot;, &quot;Award winners/sort By&quot;)">
                  </a> <!-- runScenario("Navigate to the Award winners page and sorting operation", "Award winners/sort By") -->
                  <span class="method-name">runScenario</span>
                  <span class="parameters">("Navigate to the Award winners page and sorting operation","Award winners/sort By")</span>
                  <em>
(Runs Cucumber Scenarios)                  </em>
                </div> <!-- method-content -->
              </div> <!-- method -->
              <div class="method">
                <div class="method-content">
                  <a name="runScenario(&quot;Login with valid credentials&quot;, &quot;To test the functionality of Books Wagon page for login page&quot;)">
                  </a> <!-- runScenario("Login with valid credentials", "To test the functionality of Books Wagon page for login page") -->
                  <span class="method-name">runScenario</span>
                  <span class="parameters">("Login with valid credentials","To test the functionality of Books Wagon page for login page")</span>
                  <em>
(Runs Cucumber Scenarios)                  </em>
                </div> <!-- method-content -->
              </div> <!-- method -->
              <div class="method">
                <div class="method-content">
                  <a name="runScenario(&quot;User can add/edit and remove the Address&quot;, &quot;Bookswagon Personal Settings&quot;)">
                  </a> <!-- runScenario("User can add/edit and remove the Address", "Bookswagon Personal Settings") -->
                  <span class="method-name">runScenario</span>
                  <span class="parameters">("User can add/edit and remove the Address","Bookswagon Personal Settings")</span>
                  <em>
(Runs Cucumber Scenarios)                  </em>
                </div> <!-- method-content -->
              </div> <!-- method -->
              <div class="method">
                <div class="method-content">
                  <a name="runScenario(&quot;Sorting Award winners page and adding the product to cart&quot;, &quot;Award winners/sort By&quot;)">
                  </a> <!-- runScenario("Sorting Award winners page and adding the product to cart", "Award winners/sort By") -->
                  <span class="method-name">runScenario</span>
                  <span class="parameters">("Sorting Award winners page and adding the product to cart","Award winners/sort By")</span>
                  <em>
(Runs Cucumber Scenarios)                  </em>
                </div> <!-- method-content -->
              </div> <!-- method -->
              <div class="method">
                <div class="method-content">
                  <a name="runScenario(&quot;Shopping cart functionality&quot;, &quot;To test the bookswagon page for shopping cart&quot;)">
                  </a> <!-- runScenario("Shopping cart functionality", "To test the bookswagon page for shopping cart") -->
                  <span class="method-name">runScenario</span>
                  <span class="parameters">("Shopping cart functionality","To test the bookswagon page for shopping cart")</span>
                  <em>
(Runs Cucumber Scenarios)                  </em>
                </div> <!-- method-content -->
              </div> <!-- method -->
              <div class="method">
                <div class="method-content">
                  <a name="runScenario(&quot;Requesting a book with invalid ISBN13 number&quot;, &quot;Test the functionality of requesting book&quot;)">
                  </a> <!-- runScenario("Requesting a book with invalid ISBN13 number", "Test the functionality of requesting book") -->
                  <span class="method-name">runScenario</span>
                  <span class="parameters">("Requesting a book with invalid ISBN13 number","Test the functionality of requesting book")</span>
                  <em>
(Runs Cucumber Scenarios)                  </em>
                </div> <!-- method-content -->
              </div> <!-- method -->
              <div class="method">
                <div class="method-content">
                  <a name="runScenario(&quot;to test the My Wishlist page&quot;, &quot;to test the Books Wagon page on chrome browser&quot;)">
                  </a> <!-- runScenario("to test the My Wishlist page", "to test the Books Wagon page on chrome browser") -->
                  <span class="method-name">runScenario</span>
                  <span class="parameters">("to test the My Wishlist page","to test the Books Wagon page on chrome browser")</span>
                  <em>
(Runs Cucumber Scenarios)                  </em>
                </div> <!-- method-content -->
              </div> <!-- method -->
              <div class="method">
                <div class="method-content">
                  <a name="runScenario(&quot;Requesting a book which is unavailable one&quot;, &quot;Test the functionality of requesting book&quot;)">
                  </a> <!-- runScenario("Requesting a book which is unavailable one", "Test the functionality of requesting book") -->
                  <span class="method-name">runScenario</span>
                  <span class="parameters">("Requesting a book which is unavailable one","Test the functionality of requesting book")</span>
                  <em>
(Runs Cucumber Scenarios)                  </em>
                </div> <!-- method-content -->
              </div> <!-- method -->
              <div class="method">
                <div class="method-content">
                  <a name="runScenario(&quot;Seaching the book on the bookSite&quot;, &quot;Search the book on the search bar&quot;)">
                  </a> <!-- runScenario("Seaching the book on the bookSite", "Search the book on the search bar") -->
                  <span class="method-name">runScenario</span>
                  <span class="parameters">("Seaching the book on the bookSite","Search the book on the search bar")</span>
                  <em>
(Runs Cucumber Scenarios)                  </em>
                </div> <!-- method-content -->
              </div> <!-- method -->
              <div class="method">
                <div class="method-content">
                  <a name="runScenario(&quot;User can be able to update the personal settings&quot;, &quot;Bookswagon Personal Settings&quot;)">
                  </a> <!-- runScenario("User can be able to update the personal settings", "Bookswagon Personal Settings") -->
                  <span class="method-name">runScenario</span>
                  <span class="parameters">("User can be able to update the personal settings","Bookswagon Personal Settings")</span>
                  <em>
(Runs Cucumber Scenarios)                  </em>
                </div> <!-- method-content -->
              </div> <!-- method -->
              <div class="method">
                <div class="method-content">
                  <a name="runScenario(&quot;Requesting a book with invalid ISBN13 number&quot;, &quot;Test the functionality of requesting book&quot;)">
                  </a> <!-- runScenario("Requesting a book with invalid ISBN13 number", "Test the functionality of requesting book") -->
                  <span class="method-name">runScenario</span>
                  <span class="parameters">("Requesting a book with invalid ISBN13 number","Test the functionality of requesting book")</span>
                  <em>
(Runs Cucumber Scenarios)                  </em>
                </div> <!-- method-content -->
              </div> <!-- method -->
              <div class="method">
                <div class="method-content">
                  <a name="runScenario(&quot;Requesting a book with invalid ISBN13 number&quot;, &quot;Test the functionality of requesting book&quot;)">
                  </a> <!-- runScenario("Requesting a book with invalid ISBN13 number", "Test the functionality of requesting book") -->
                  <span class="method-name">runScenario</span>
                  <span class="parameters">("Requesting a book with invalid ISBN13 number","Test the functionality of requesting book")</span>
                  <em>
(Runs Cucumber Scenarios)                  </em>
                </div> <!-- method-content -->
              </div> <!-- method -->
              <div class="method">
                <div class="method-content">
                  <a name="runScenario(&quot;Seaching the book on the bookSite&quot;, &quot;Search the book on the search bar&quot;)">
                  </a> <!-- runScenario("Seaching the book on the bookSite", "Search the book on the search bar") -->
                  <span class="method-name">runScenario</span>
                  <span class="parameters">("Seaching the book on the bookSite","Search the book on the search bar")</span>
                  <em>
(Runs Cucumber Scenarios)                  </em>
                </div> <!-- method-content -->
              </div> <!-- method -->
            </div> <!-- main-panel-content rounded-window-bottom -->
          </div> <!-- suite-Suite-class-passed -->
        </div> <!-- panel Suite -->
        <div panel-name="test-xml-Suite" class="panel">
          <div class="main-panel-header rounded-window-top">
            <span class="header-content">C:\RLL\RLL-Group-5-BooksWagon\src\test\java\com\bookswagon\utilities\TestNg.xml</span>
          </div> <!-- main-panel-header rounded-window-top -->
          <div class="main-panel-content rounded-window-bottom">
            <pre>
&lt;?xml version=&quot;1.0&quot; encoding=&quot;UTF-8&quot;?&gt;
&lt;!DOCTYPE suite SYSTEM &quot;https://testng.org/testng-1.0.dtd&quot;&gt;
&lt;suite name=&quot;Suite&quot;&gt;
  &lt;listeners&gt;
    &lt;listener class-name=&quot;com.bookswagon.utilities.Listener&quot;/&gt;
    &lt;listener class-name=&quot;com.bookswagon.utilities.Transformer&quot;/&gt;
  &lt;/listeners&gt;
  &lt;test thread-count=&quot;5&quot; name=&quot;Books Wagon Testing&quot;&gt;
    &lt;classes&gt;
      &lt;class name=&quot;com.bookswagon.runner.TestRunner&quot;/&gt;
    &lt;/classes&gt;
  &lt;/test&gt; &lt;!-- Books Wagon Testing --&gt;
&lt;/suite&gt; &lt;!-- Suite --&gt;
            </pre>
          </div> <!-- main-panel-content rounded-window-bottom -->
        </div> <!-- panel -->
        <div panel-name="testlist-Suite" class="panel">
          <div class="main-panel-header rounded-window-top">
            <span class="header-content">Tests for Suite</span>
          </div> <!-- main-panel-header rounded-window-top -->
          <div class="main-panel-content rounded-window-bottom">
            <ul>
              <li>
                <span class="test-name">Books Wagon Testing (1 class)</span>
              </li>
            </ul>
          </div> <!-- main-panel-content rounded-window-bottom -->
        </div> <!-- panel -->
        <div panel-name="group-Suite" class="panel">
          <div class="main-panel-header rounded-window-top">
            <span class="header-content">Groups for Suite</span>
          </div> <!-- main-panel-header rounded-window-top -->
          <div class="main-panel-content rounded-window-bottom">
            <div class="test-group">
              <span class="test-group-name">cucumber</span>
              <br/>
              <div class="method-in-group">
                <span class="method-in-group-name">runScenario</span>
                <br/>
              </div> <!-- method-in-group -->
            </div> <!-- test-group -->
          </div> <!-- main-panel-content rounded-window-bottom -->
        </div> <!-- panel -->
        <div panel-name="times-Suite" class="panel">
          <div class="main-panel-header rounded-window-top">
            <span class="header-content">Times for Suite</span>
          </div> <!-- main-panel-header rounded-window-top -->
          <div class="main-panel-content rounded-window-bottom">
            <div class="times-div">
              <script type="text/javascript">
suiteTableInitFunctions.push('tableData_Suite');
function tableData_Suite() {
var data = new google.visualization.DataTable();
data.addColumn('number', 'Number');
data.addColumn('string', 'Method');
data.addColumn('string', 'Class');
data.addColumn('number', 'Time (ms)');
data.addRows(22);
data.setCell(0, 0, 0)
data.setCell(0, 1, 'runScenario')
data.setCell(0, 2, 'com.bookswagon.runner.TestRunner')
data.setCell(0, 3, 81494);
data.setCell(1, 0, 1)
data.setCell(1, 1, 'runScenario')
data.setCell(1, 2, 'com.bookswagon.runner.TestRunner')
data.setCell(1, 3, 81047);
data.setCell(2, 0, 2)
data.setCell(2, 1, 'runScenario')
data.setCell(2, 2, 'com.bookswagon.runner.TestRunner')
data.setCell(2, 3, 55724);
data.setCell(3, 0, 3)
data.setCell(3, 1, 'runScenario')
data.setCell(3, 2, 'com.bookswagon.runner.TestRunner')
data.setCell(3, 3, 55338);
data.setCell(4, 0, 4)
data.setCell(4, 1, 'runScenario')
data.setCell(4, 2, 'com.bookswagon.runner.TestRunner')
data.setCell(4, 3, 55181);
data.setCell(5, 0, 5)
data.setCell(5, 1, 'runScenario')
data.setCell(5, 2, 'com.bookswagon.runner.TestRunner')
data.setCell(5, 3, 53801);
data.setCell(6, 0, 6)
data.setCell(6, 1, 'runScenario')
data.setCell(6, 2, 'com.bookswagon.runner.TestRunner')
data.setCell(6, 3, 51361);
data.setCell(7, 0, 7)
data.setCell(7, 1, 'runScenario')
data.setCell(7, 2, 'com.bookswagon.runner.TestRunner')
data.setCell(7, 3, 35770);
data.setCell(8, 0, 8)
data.setCell(8, 1, 'runScenario')
data.setCell(8, 2, 'com.bookswagon.runner.TestRunner')
data.setCell(8, 3, 31154);
data.setCell(9, 0, 9)
data.setCell(9, 1, 'runScenario')
data.setCell(9, 2, 'com.bookswagon.runner.TestRunner')
data.setCell(9, 3, 31054);
data.setCell(10, 0, 10)
data.setCell(10, 1, 'runScenario')
data.setCell(10, 2, 'com.bookswagon.runner.TestRunner')
data.setCell(10, 3, 27739);
data.setCell(11, 0, 11)
data.setCell(11, 1, 'runScenario')
data.setCell(11, 2, 'com.bookswagon.runner.TestRunner')
data.setCell(11, 3, 25207);
data.setCell(12, 0, 12)
data.setCell(12, 1, 'runScenario')
data.setCell(12, 2, 'com.bookswagon.runner.TestRunner')
data.setCell(12, 3, 23738);
data.setCell(13, 0, 13)
data.setCell(13, 1, 'runScenario')
data.setCell(13, 2, 'com.bookswagon.runner.TestRunner')
data.setCell(13, 3, 22886);
data.setCell(14, 0, 14)
data.setCell(14, 1, 'runScenario')
data.setCell(14, 2, 'com.bookswagon.runner.TestRunner')
data.setCell(14, 3, 21510);
data.setCell(15, 0, 15)
data.setCell(15, 1, 'runScenario')
data.setCell(15, 2, 'com.bookswagon.runner.TestRunner')
data.setCell(15, 3, 21093);
data.setCell(16, 0, 16)
data.setCell(16, 1, 'runScenario')
data.setCell(16, 2, 'com.bookswagon.runner.TestRunner')
data.setCell(16, 3, 20930);
data.setCell(17, 0, 17)
data.setCell(17, 1, 'runScenario')
data.setCell(17, 2, 'com.bookswagon.runner.TestRunner')
data.setCell(17, 3, 20421);
data.setCell(18, 0, 18)
data.setCell(18, 1, 'runScenario')
data.setCell(18, 2, 'com.bookswagon.runner.TestRunner')
data.setCell(18, 3, 19676);
data.setCell(19, 0, 19)
data.setCell(19, 1, 'runScenario')
data.setCell(19, 2, 'com.bookswagon.runner.TestRunner')
data.setCell(19, 3, 19171);
data.setCell(20, 0, 20)
data.setCell(20, 1, 'runScenario')
data.setCell(20, 2, 'com.bookswagon.runner.TestRunner')
data.setCell(20, 3, 15312);
data.setCell(21, 0, 21)
data.setCell(21, 1, 'runScenario')
data.setCell(21, 2, 'com.bookswagon.runner.TestRunner')
data.setCell(21, 3, 15074);
window.suiteTableData['Suite']= { tableData: data, tableDiv: 'times-div-Suite'}
return data;
}
              </script>
              <span class="suite-total-time">Total running time: 13 minutes</span>
              <div id="times-div-Suite">
              </div> <!-- times-div-Suite -->
            </div> <!-- times-div -->
          </div> <!-- main-panel-content rounded-window-bottom -->
        </div> <!-- panel -->
        <div panel-name="reporter-Suite" class="panel">
          <div class="main-panel-header rounded-window-top">
            <span class="header-content">Reporter output for Suite</span>
          </div> <!-- main-panel-header rounded-window-top -->
          <div class="main-panel-content rounded-window-bottom">
          </div> <!-- main-panel-content rounded-window-bottom -->
        </div> <!-- panel -->
        <div panel-name="ignored-methods-Suite" class="panel">
          <div class="main-panel-header rounded-window-top">
            <span class="header-content">0 ignored methods</span>
          </div> <!-- main-panel-header rounded-window-top -->
          <div class="main-panel-content rounded-window-bottom">
          </div> <!-- main-panel-content rounded-window-bottom -->
        </div> <!-- panel -->
        <div panel-name="chronological-Suite" class="panel">
          <div class="main-panel-header rounded-window-top">
            <span class="header-content">Methods in chronological order</span>
          </div> <!-- main-panel-header rounded-window-top -->
          <div class="main-panel-content rounded-window-bottom">
            <div class="chronological-class">
              <div class="chronological-class-name">com.bookswagon.runner.TestRunner</div> <!-- chronological-class-name -->
              <div class="configuration-class before">
                <span class="method-name">setUpClass(org.testng.TestRunner@78e386a5)</span>
                <span class="method-start">0 ms</span>
              </div> <!-- configuration-class before -->
              <div class="test-method">
                <span class="method-name">runScenario("Shopping cart functionality", "To test the bookswagon page for shopping cart")</span>
                <span class="method-start">565 ms</span>
              </div> <!-- test-method -->
              <div class="test-method">
                <span class="method-name">runScenario("User can add/edit and remove the Address", "Bookswagon Personal Settings")</span>
                <span class="method-start">24730 ms</span>
              </div> <!-- test-method -->
              <div class="test-method">
                <span class="method-name">runScenario("Navigate to the Award winners page and sorting operation", "Award winners/sort By")</span>
                <span class="method-start">52907 ms</span>
              </div> <!-- test-method -->
              <div class="test-method">
                <span class="method-name">runScenario("Sorting Award winners page and adding the product to cart", "Award winners/sort By")</span>
                <span class="method-start">68597 ms</span>
              </div> <!-- test-method -->
              <div class="test-method">
                <span class="method-name">runScenario("Login with valid credentials", "To test the functionality of Books Wagon page for login page")</span>
                <span class="method-start">94250 ms</span>
              </div> <!-- test-method -->
              <div class="test-method">
                <span class="method-name">runScenario("Login with invalid credentials", "To test the functionality of Books Wagon page for login page")</span>
                <span class="method-start">117571 ms</span>
              </div> <!-- test-method -->
              <div class="test-method">
                <span class="method-name">runScenario("Login with invalid credentials", "To test the functionality of Books Wagon page for login page")</span>
                <span class="method-start">148729 ms</span>
              </div> <!-- test-method -->
              <div class="test-method">
                <img src="failed.png">
                </img>
                <span class="method-name">runScenario("Login with invalid credentials", "To test the functionality of Books Wagon page for login page")</span>
                <span class="method-start">169661 ms</span>
              </div> <!-- test-method -->
              <div class="test-method">
                <span class="method-name">runScenario("User can be able to update the personal settings", "Bookswagon Personal Settings")</span>
                <span class="method-start">201847 ms</span>
              </div> <!-- test-method -->
              <div class="test-method">
                <span class="method-name">runScenario("User can not be able update the personal settings without filling mandatory deatils", "Bookswagon P...)</span>
                <span class="method-start">257533 ms</span>
              </div> <!-- test-method -->
              <div class="test-method">
                <span class="method-name">runScenario("User can not be able update the personal settings without filling mandatory deatils", "Bookswagon P...)</span>
                <span class="method-start">311338 ms</span>
              </div> <!-- test-method -->
              <div class="test-method">
                <img src="failed.png">
                </img>
                <span class="method-name">runScenario("User can not be able update the personal settings without filling mandatory deatils", "Bookswagon P...)</span>
                <span class="method-start">367065 ms</span>
              </div> <!-- test-method -->
              <div class="test-method">
                <span class="method-name">runScenario("to test the Login page", "to test the Books Wagon for register page")</span>
                <span class="method-start">423018 ms</span>
              </div> <!-- test-method -->
              <div class="test-method">
                <span class="method-name">runScenario("to test the Login page", "to test the Books Wagon for register page")</span>
                <span class="method-start">504070 ms</span>
              </div> <!-- test-method -->
              <div class="test-method">
                <img src="failed.png">
                </img>
                <span class="method-name">runScenario("to test the Login page", "to test the Books Wagon for register page")</span>
                <span class="method-start">555437 ms</span>
              </div> <!-- test-method -->
              <div class="test-method">
                <span class="method-name">runScenario("Requesting a book which is unavailable one", "Test the functionality of requesting book")</span>
                <span class="method-start">637781 ms</span>
              </div> <!-- test-method -->
              <div class="test-method">
                <span class="method-name">runScenario("Requesting a book with invalid ISBN13 number", "Test the functionality of requesting book")</span>
                <span class="method-start">659717 ms</span>
              </div> <!-- test-method -->
              <div class="test-method">
                <span class="method-name">runScenario("Requesting a book with invalid ISBN13 number", "Test the functionality of requesting book")</span>
                <span class="method-start">681184 ms</span>
              </div> <!-- test-method -->
              <div class="test-method">
                <span class="method-name">runScenario("Requesting a book with invalid ISBN13 number", "Test the functionality of requesting book")</span>
                <span class="method-start">700785 ms</span>
              </div> <!-- test-method -->
              <div class="test-method">
                <span class="method-name">runScenario("Seaching the book on the bookSite", "Search the book on the search bar")</span>
                <span class="method-start">721649 ms</span>
              </div> <!-- test-method -->
              <div class="test-method">
                <span class="method-name">runScenario("Seaching the book on the bookSite", "Search the book on the search bar")</span>
                <span class="method-start">737107 ms</span>
              </div> <!-- test-method -->
              <div class="test-method">
                <span class="method-name">runScenario("to test the My Wishlist page", "to test the Books Wagon page on chrome browser")</span>
                <span class="method-start">757210 ms</span>
              </div> <!-- test-method -->
              <div class="configuration-class after">
                <span class="method-name">tearDownClass</span>
                <span class="method-start">793490 ms</span>
              </div> <!-- configuration-class after -->
          </div> <!-- main-panel-content rounded-window-bottom -->
        </div> <!-- panel -->
      </div> <!-- main-panel-root -->
    </div> <!-- wrapper -->
  </body>
<script type="text/javascript" src="testng-reports2.js"></script>
</html>
