<?xml version="1.0" encoding="UTF-8"?>
<!-- Generated by org.testng.reporters.JUnitReportReporter -->
<testsuite hostname="Bujuku" failures="2" tests="22" name="com.bookswagon.runner.TestRunner" time="795.822" errors="1" timestamp="2024-02-29T15:14:15 IST" skipped="6">
  <testcase classname="com.bookswagon.runner.TestRunner" name="runScenario" time="20.205"/>
  <system-out/>
  <testcase classname="com.bookswagon.runner.TestRunner" name="runScenario" time="75.698">
    <skipped/>
  </testcase> <!-- runScenario -->
  <system-out/>
  <testcase classname="com.bookswagon.runner.TestRunner" name="runScenario" time="21.570"/>
  <system-out/>
  <testcase classname="com.bookswagon.runner.TestRunner" name="runScenario" time="19.002"/>
  <system-out/>
  <testcase classname="com.bookswagon.runner.TestRunner" name="runScenario" time="17.828"/>
  <system-out/>
  <testcase classname="com.bookswagon.runner.TestRunner" name="runScenario" time="19.580">
    <failure message="expected [Please enter correct password.] but found [Please enter correct Passwor]" type="java.lang.AssertionError">
      <![CDATA[java.lang.AssertionError: expected [Please enter correct password.] but found [Please enter correct Passwor]
at org.testng.Assert.fail(Assert.java:110)
at org.testng.Assert.failNotEquals(Assert.java:1577)
at org.testng.Assert.assertEqualsImpl(Assert.java:149)
at org.testng.Assert.assertEquals(Assert.java:131)
at org.testng.Assert.assertEquals(Assert.java:655)
at org.testng.Assert.assertEquals(Assert.java:665)
at com.bookswagon.pages.LoginPage.getWrongPasswordErrorMessage(LoginPage.java:64)
at com.bookswagon.stepdefinitions.LoginStepDefinitions.the_user_should_see_an_error_message_for_wrong_password_wrong_username(LoginStepDefinitions.java:137)
at ✽.the user should see an error message for wrong password/wrong username(file:///C:/RLL/RLL-Group-5-BooksWagon/src/test/resources/Features/Login.feature:17)
]]>
    </failure>
  </testcase> <!-- runScenario -->
  <system-out/>
  <testcase classname="com.bookswagon.runner.TestRunner" name="runScenario" time="23.660">
    <skipped/>
  </testcase> <!-- runScenario -->
  <system-out/>
  <testcase classname="com.bookswagon.runner.TestRunner" name="runScenario" time="23.280"/>
  <system-out/>
  <testcase classname="com.bookswagon.runner.TestRunner" name="runScenario" time="51.458">
    <failure message="expected [true] but found [false]" type="java.lang.AssertionError">
      <![CDATA[java.lang.AssertionError: expected [true] but found [false]
at org.testng.Assert.fail(Assert.java:110)
at org.testng.Assert.failNotEquals(Assert.java:1577)
at org.testng.Assert.assertTrue(Assert.java:56)
at org.testng.Assert.assertTrue(Assert.java:66)
at com.bookswagon.stepdefinitions.PersonalSettingStepdefinition.user_can_not_update_the_details(PersonalSettingStepdefinition.java:111)
at ✽.User can not update the details(file:///C:/RLL/RLL-Group-5-BooksWagon/src/test/resources/Features/PersonalSettings.feature:24)
]]>
    </failure>
  </testcase> <!-- runScenario -->
  <system-out/>
  <testcase classname="com.bookswagon.runner.TestRunner" name="runScenario" time="22.791"/>
  <system-out/>
  <testcase classname="com.bookswagon.runner.TestRunner" name="runScenario" time="80.276">
    <skipped/>
  </testcase> <!-- runScenario -->
  <system-out/>
  <testcase classname="com.bookswagon.runner.TestRunner" name="runScenario" time="19.032"/>
  <system-out/>
  <testcase classname="com.bookswagon.runner.TestRunner" name="runScenario" time="18.456"/>
  <system-out/>
  <testcase classname="com.bookswagon.runner.TestRunner" name="runScenario" time="57.016"/>
  <system-out/>
  <testcase classname="com.bookswagon.runner.TestRunner" name="runScenario" time="55.988">
    <skipped/>
  </testcase> <!-- runScenario -->
  <system-out/>
  <testcase classname="com.bookswagon.runner.TestRunner" name="runScenario" time="34.506"/>
  <system-out/>
  <testcase classname="com.bookswagon.runner.TestRunner" name="runScenario" time="56.655">
    <skipped/>
  </testcase> <!-- runScenario -->
  <system-out/>
  <testcase classname="com.bookswagon.runner.TestRunner" name="runScenario" time="19.212">
    <skipped/>
  </testcase> <!-- runScenario -->
  <system-out/>
  <testcase classname="com.bookswagon.runner.TestRunner" name="runScenario" time="24.470"/>
  <system-out/>
  <testcase classname="com.bookswagon.runner.TestRunner" name="runScenario" time="19.103"/>
  <system-out/>
  <testcase classname="com.bookswagon.runner.TestRunner" name="runScenario" time="80.220">
    <error message="element not interactable
  (Session info: chrome=122.0.6261.95)
Build info: version: &#039;4.11.0&#039;, revision: &#039;040bc5406b&#039;
System info: os.name: &#039;Windows 11&#039;, os.arch: &#039;amd64&#039;, os.version: &#039;10.0&#039;, java.version: &#039;17.0.9&#039;
Driver info: org.openqa.selenium.chrome.ChromeDriver
Command: [ee405a30fb9efbfbf0301723344eb1eb, sendKeysToElement {id=f.75B95D9C45016FBEFF1DF6A2E0ECEB3D.d.C8BF7F21E41B896F133532161EFCED0A.e.433, value=[Ljava.lang.CharSequence;@59c00722}]
Capabilities {acceptInsecureCerts: false, browserName: chrome, browserVersion: 122.0.6261.95, chrome: {chromedriverVersion: 122.0.6261.94 (880dbf29479c..., userDataDir: C:\Users\vetri\AppData\Loca...}, fedcm:accounts: true, goog:chromeOptions: {debuggerAddress: localhost:18125}, networkConnectionEnabled: false, pageLoadStrategy: normal, platformName: windows, proxy: Proxy(), se:cdp: ws://localhost:18125/devtoo..., se:cdpVersion: 122.0.6261.95, setWindowRect: true, strictFileInteractability: false, timeouts: {implicit: 0, pageLoad: 300000, script: 30000}, unhandledPromptBehavior: dismiss and notify, webauthn:extension:credBlob: true, webauthn:extension:largeBlob: true, webauthn:extension:minPinLength: true, webauthn:extension:prf: true, webauthn:virtualAuthenticators: true}
Element: [[ChromeDriver: chrome on windows (ee405a30fb9efbfbf0301723344eb1eb)] -&gt; xpath: //input[@id=&#039;ctl00_phBody_SignUp_txtPassword&#039;]]
Session ID: ee405a30fb9efbfbf0301723344eb1eb" type="org.openqa.selenium.ElementNotInteractableException">
      <![CDATA[org.openqa.selenium.ElementNotInteractableException: element not interactable
  (Session info: chrome=122.0.6261.95)
Build info: version: '4.11.0', revision: '040bc5406b'
System info: os.name: 'Windows 11', os.arch: 'amd64', os.version: '10.0', java.version: '17.0.9'
Driver info: org.openqa.selenium.chrome.ChromeDriver
Command: [ee405a30fb9efbfbf0301723344eb1eb, sendKeysToElement {id=f.75B95D9C45016FBEFF1DF6A2E0ECEB3D.d.C8BF7F21E41B896F133532161EFCED0A.e.433, value=[Ljava.lang.CharSequence;@59c00722}]
Capabilities {acceptInsecureCerts: false, browserName: chrome, browserVersion: 122.0.6261.95, chrome: {chromedriverVersion: 122.0.6261.94 (880dbf29479c..., userDataDir: C:\Users\vetri\AppData\Loca...}, fedcm:accounts: true, goog:chromeOptions: {debuggerAddress: localhost:18125}, networkConnectionEnabled: false, pageLoadStrategy: normal, platformName: windows, proxy: Proxy(), se:cdp: ws://localhost:18125/devtoo..., se:cdpVersion: 122.0.6261.95, setWindowRect: true, strictFileInteractability: false, timeouts: {implicit: 0, pageLoad: 300000, script: 30000}, unhandledPromptBehavior: dismiss and notify, webauthn:extension:credBlob: true, webauthn:extension:largeBlob: true, webauthn:extension:minPinLength: true, webauthn:extension:prf: true, webauthn:virtualAuthenticators: true}
Element: [[ChromeDriver: chrome on windows (ee405a30fb9efbfbf0301723344eb1eb)] -> xpath: //input[@id='ctl00_phBody_SignUp_txtPassword']]
Session ID: ee405a30fb9efbfbf0301723344eb1eb
at java.base/jdk.internal.reflect.NativeConstructorAccessorImpl.newInstance0(Native Method)
at java.base/jdk.internal.reflect.NativeConstructorAccessorImpl.newInstance(NativeConstructorAccessorImpl.java:77)
at java.base/jdk.internal.reflect.DelegatingConstructorAccessorImpl.newInstance(DelegatingConstructorAccessorImpl.java:45)
at java.base/java.lang.reflect.Constructor.newInstanceWithCaller(Constructor.java:499)
at java.base/java.lang.reflect.Constructor.newInstance(Constructor.java:480)
at org.openqa.selenium.remote.codec.w3c.W3CHttpResponseCodec.createException(W3CHttpResponseCodec.java:200)
at org.openqa.selenium.remote.codec.w3c.W3CHttpResponseCodec.decode(W3CHttpResponseCodec.java:133)
at org.openqa.selenium.remote.codec.w3c.W3CHttpResponseCodec.decode(W3CHttpResponseCodec.java:52)
at org.openqa.selenium.remote.HttpCommandExecutor.execute(HttpCommandExecutor.java:191)
at org.openqa.selenium.remote.service.DriverCommandExecutor.invokeExecute(DriverCommandExecutor.java:196)
at org.openqa.selenium.remote.service.DriverCommandExecutor.execute(DriverCommandExecutor.java:171)
at org.openqa.selenium.remote.RemoteWebDriver.execute(RemoteWebDriver.java:518)
at org.openqa.selenium.remote.RemoteWebElement.execute(RemoteWebElement.java:224)
at org.openqa.selenium.remote.RemoteWebElement.sendKeys(RemoteWebElement.java:111)
at jdk.internal.reflect.GeneratedMethodAccessor74.invoke(Unknown Source)
at java.base/jdk.internal.reflect.DelegatingMethodAccessorImpl.invoke(DelegatingMethodAccessorImpl.java:43)
at java.base/java.lang.reflect.Method.invoke(Method.java:568)
at org.openqa.selenium.support.pagefactory.internal.LocatingElementHandler.invoke(LocatingElementHandler.java:51)
at jdk.proxy2/jdk.proxy2.$Proxy33.sendKeys(Unknown Source)
at com.bookswagon.pages.RegisterPage.enterPassword(RegisterPage.java:70)
at com.bookswagon.stepdefinitions.RegisterStepDefinition.user_enter_password_as(RegisterStepDefinition.java:69)
at ✽.user enter password as 'Jaya@111'(file:///C:/RLL/RLL-Group-5-BooksWagon/src/test/resources/Features/Registration.feature:11)
]]>
    </error>
  </testcase> <!-- runScenario -->
  <system-out/>
  <testcase classname="com.bookswagon.runner.TestRunner" name="runScenario" time="35.816"/>
  <system-out/>
</testsuite> <!-- com.bookswagon.runner.TestRunner -->
